[ 2017-08-18T08:49:24+08:00 ] ::1 /PSD1705/folder/09-ThickPhp/index.php?__hbt=1503017362070
INFO: [ app_init ] --START--
INFO: Run Behavior\BuildLiteBehavior [ RunTime:0.000000s ]
INFO: [ app_init ] --END-- [ RunTime:0.000000s ]
INFO: [ app_begin ] --START--
INFO: Run Behavior\ReadHtmlCacheBehavior [ RunTime:0.000000s ]
INFO: [ app_begin ] --END-- [ RunTime:0.000000s ]
INFO: [ app_end ] --START--
INFO: Run Behavior\ShowPageTraceBehavior [ RunTime:0.000000s ]
INFO: [ app_end ] --END-- [ RunTime:0.000000s ]

[ 2017-08-18T10:32:36+08:00 ] ::1 /PSD1705/folder/09-ThickPhp/index.php?__hbt=1503023555181
INFO: [ app_init ] --START--
INFO: Run Behavior\BuildLiteBehavior [ RunTime:0.000000s ]
INFO: [ app_init ] --END-- [ RunTime:0.001000s ]
INFO: [ app_begin ] --START--
INFO: Run Behavior\ReadHtmlCacheBehavior [ RunTime:0.001000s ]
INFO: [ app_begin ] --END-- [ RunTime:0.001000s ]
INFO: [ app_end ] --START--
INFO: Run Behavior\ShowPageTraceBehavior [ RunTime:0.000000s ]
INFO: [ app_end ] --END-- [ RunTime:0.000000s ]

[ 2017-08-18T14:47:20+08:00 ] ::1 /PSD1705/folder/09-ThickPhp/index.php/Home/News/detail
INFO: [ app_init ] --START--
INFO: Run Behavior\BuildLiteBehavior [ RunTime:0.000000s ]
INFO: [ app_init ] --END-- [ RunTime:0.001000s ]
INFO: [ app_begin ] --START--
INFO: Run Behavior\ReadHtmlCacheBehavior [ RunTime:0.000000s ]
INFO: [ app_begin ] --END-- [ RunTime:0.000000s ]
INFO: [ view_parse ] --START--
INFO: [ template_filter ] --START--
INFO: Run Behavior\ContentReplaceBehavior [ RunTime:0.000000s ]
INFO: [ template_filter ] --END-- [ RunTime:0.000000s ]
NOTIC: [8] Undefined index: s D:\WWW\PSD1705\folder\09-ThickPhp\Application\Runtime\Cache\Home\aca8b289ff6c2c7180f304ffd37940b8.php 第 8 行.
NOTIC: [8] Undefined variable: typeArr D:\WWW\PSD1705\folder\09-ThickPhp\Application\Runtime\Cache\Home\aca8b289ff6c2c7180f304ffd37940b8.php 第 20 行.
NOTIC: [8] Undefined index: s D:\WWW\PSD1705\folder\09-ThickPhp\Application\Runtime\Cache\Home\aca8b289ff6c2c7180f304ffd37940b8.php 第 25 行.
NOTIC: [8] Undefined index: s D:\WWW\PSD1705\folder\09-ThickPhp\Application\Runtime\Cache\Home\aca8b289ff6c2c7180f304ffd37940b8.php 第 25 行.
INFO: Run Behavior\ParseTemplateBehavior [ RunTime:0.013000s ]
INFO: [ view_parse ] --END-- [ RunTime:0.013000s ]
INFO: [ view_filter ] --START--
INFO: Run Behavior\WriteHtmlCacheBehavior [ RunTime:0.000000s ]
INFO: [ view_filter ] --END-- [ RunTime:0.000000s ]
INFO: [ app_end ] --START--
INFO: Run Behavior\ShowPageTraceBehavior [ RunTime:0.000000s ]
INFO: [ app_end ] --END-- [ RunTime:0.000000s ]

[ 2017-08-18T14:47:25+08:00 ] ::1 /PSD1705/folder/09-ThickPhp/index.php/Home
INFO: [ app_init ] --START--
INFO: Run Behavior\BuildLiteBehavior [ RunTime:0.000000s ]
INFO: [ app_init ] --END-- [ RunTime:0.001000s ]
INFO: [ app_begin ] --START--
INFO: Run Behavior\ReadHtmlCacheBehavior [ RunTime:0.000000s ]
INFO: [ app_begin ] --END-- [ RunTime:0.000000s ]
INFO: [ app_end ] --START--
INFO: Run Behavior\ShowPageTraceBehavior [ RunTime:0.001000s ]
INFO: [ app_end ] --END-- [ RunTime:0.001000s ]

[ 2017-08-18T14:47:41+08:00 ] ::1 /PSD1705/folder/09-ThickPhp/index.php/Home/News/detail
INFO: [ app_init ] --START--
INFO: Run Behavior\BuildLiteBehavior [ RunTime:0.000000s ]
INFO: [ app_init ] --END-- [ RunTime:0.000000s ]
INFO: [ app_begin ] --START--
INFO: Run Behavior\ReadHtmlCacheBehavior [ RunTime:0.001000s ]
INFO: [ app_begin ] --END-- [ RunTime:0.001000s ]
INFO: [ view_parse ] --START--
INFO: [ template_filter ] --START--
INFO: Run Behavior\ContentReplaceBehavior [ RunTime:0.000000s ]
INFO: [ template_filter ] --END-- [ RunTime:0.000000s ]
NOTIC: [8] Undefined index: s D:\WWW\PSD1705\folder\09-ThickPhp\Application\Runtime\Cache\Home\aca8b289ff6c2c7180f304ffd37940b8.php 第 8 行.
NOTIC: [8] Undefined variable: typeArr D:\WWW\PSD1705\folder\09-ThickPhp\Application\Runtime\Cache\Home\aca8b289ff6c2c7180f304ffd37940b8.php 第 20 行.
NOTIC: [8] Undefined index: s D:\WWW\PSD1705\folder\09-ThickPhp\Application\Runtime\Cache\Home\aca8b289ff6c2c7180f304ffd37940b8.php 第 25 行.
NOTIC: [8] Undefined index: s D:\WWW\PSD1705\folder\09-ThickPhp\Application\Runtime\Cache\Home\aca8b289ff6c2c7180f304ffd37940b8.php 第 25 行.
INFO: Run Behavior\ParseTemplateBehavior [ RunTime:0.007000s ]
INFO: [ view_parse ] --END-- [ RunTime:0.007000s ]
INFO: [ view_filter ] --START--
INFO: Run Behavior\WriteHtmlCacheBehavior [ RunTime:0.000000s ]
INFO: [ view_filter ] --END-- [ RunTime:0.000000s ]
INFO: [ app_end ] --START--
INFO: Run Behavior\ShowPageTraceBehavior [ RunTime:0.001000s ]
INFO: [ app_end ] --END-- [ RunTime:0.001000s ]

[ 2017-08-18T14:47:52+08:00 ] ::1 /PSD1705/folder/09-ThickPhp/index.php/Home/News/listern
INFO: [ app_init ] --START--
INFO: Run Behavior\BuildLiteBehavior [ RunTime:0.000000s ]
INFO: [ app_init ] --END-- [ RunTime:0.001000s ]
INFO: [ app_begin ] --START--
INFO: Run Behavior\ReadHtmlCacheBehavior [ RunTime:0.001000s ]
INFO: [ app_begin ] --END-- [ RunTime:0.001000s ]
SQL: SHOW COLUMNS FROM `ntype` [ RunTime:0.0090s ]
SQL: SELECT * FROM `ntype`  [ RunTime:0.0010s ]
SQL: SHOW COLUMNS FROM `news` [ RunTime:0.0080s ]
SQL: SELECT * FROM `news`  [ RunTime:0.0010s ]
INFO: [ view_parse ] --START--
INFO: [ template_filter ] --START--
INFO: Run Behavior\ContentReplaceBehavior [ RunTime:0.000000s ]
INFO: [ template_filter ] --END-- [ RunTime:0.000000s ]
NOTIC: [8] Undefined variable: a D:\WWW\PSD1705\folder\09-ThickPhp\Application\Runtime\Cache\Home\2efc7d58d3f4ce96c230ce50b6f3e362.php 第 24 行.
INFO: Run Behavior\ParseTemplateBehavior [ RunTime:0.009000s ]
INFO: [ view_parse ] --END-- [ RunTime:0.009000s ]
INFO: [ view_filter ] --START--
INFO: Run Behavior\WriteHtmlCacheBehavior [ RunTime:0.001000s ]
INFO: [ view_filter ] --END-- [ RunTime:0.001000s ]
INFO: [ app_end ] --START--
INFO: Run Behavior\ShowPageTraceBehavior [ RunTime:0.000000s ]
INFO: [ app_end ] --END-- [ RunTime:0.000000s ]

[ 2017-08-18T14:49:02+08:00 ] ::1 /PSD1705/folder/09-ThickPhp/index.php/Home/News/listern/tid/1
INFO: [ app_init ] --START--
INFO: Run Behavior\BuildLiteBehavior [ RunTime:0.001000s ]
INFO: [ app_init ] --END-- [ RunTime:0.001000s ]
INFO: [ app_begin ] --START--
INFO: Run Behavior\ReadHtmlCacheBehavior [ RunTime:0.001000s ]
INFO: [ app_begin ] --END-- [ RunTime:0.002000s ]
SQL: SHOW COLUMNS FROM `ntype` [ RunTime:0.0060s ]
SQL: SELECT * FROM `ntype`  [ RunTime:0.0000s ]
SQL: SHOW COLUMNS FROM `news` [ RunTime:0.0060s ]
SQL: SELECT * FROM `news` WHERE ( type=1 )  [ RunTime:0.0000s ]
INFO: [ view_parse ] --START--
INFO: [ template_filter ] --START--
INFO: Run Behavior\ContentReplaceBehavior [ RunTime:0.000000s ]
INFO: [ template_filter ] --END-- [ RunTime:0.000000s ]
NOTIC: [8] Undefined variable: a D:\WWW\PSD1705\folder\09-ThickPhp\Application\Runtime\Cache\Home\2efc7d58d3f4ce96c230ce50b6f3e362.php 第 24 行.
INFO: Run Behavior\ParseTemplateBehavior [ RunTime:0.011000s ]
INFO: [ view_parse ] --END-- [ RunTime:0.011000s ]
INFO: [ view_filter ] --START--
INFO: Run Behavior\WriteHtmlCacheBehavior [ RunTime:0.000000s ]
INFO: [ view_filter ] --END-- [ RunTime:0.000000s ]
INFO: [ app_end ] --START--
INFO: Run Behavior\ShowPageTraceBehavior [ RunTime:0.000000s ]
INFO: [ app_end ] --END-- [ RunTime:0.002000s ]

[ 2017-08-18T14:49:04+08:00 ] ::1 /PSD1705/folder/09-ThickPhp/index.php/Home/News/listern/tid/2
INFO: [ app_init ] --START--
INFO: Run Behavior\BuildLiteBehavior [ RunTime:0.000000s ]
INFO: [ app_init ] --END-- [ RunTime:0.001000s ]
INFO: [ app_begin ] --START--
INFO: Run Behavior\ReadHtmlCacheBehavior [ RunTime:0.000000s ]
INFO: [ app_begin ] --END-- [ RunTime:0.000000s ]
SQL: SHOW COLUMNS FROM `ntype` [ RunTime:0.0070s ]
SQL: SELECT * FROM `ntype`  [ RunTime:0.0000s ]
SQL: SHOW COLUMNS FROM `news` [ RunTime:0.0080s ]
SQL: SELECT * FROM `news` WHERE ( type=2 )  [ RunTime:0.0010s ]
INFO: [ view_parse ] --START--
INFO: [ template_filter ] --START--
INFO: Run Behavior\ContentReplaceBehavior [ RunTime:0.000000s ]
INFO: [ template_filter ] --END-- [ RunTime:0.000000s ]
NOTIC: [8] Undefined variable: a D:\WWW\PSD1705\folder\09-ThickPhp\Application\Runtime\Cache\Home\2efc7d58d3f4ce96c230ce50b6f3e362.php 第 24 行.
INFO: Run Behavior\ParseTemplateBehavior [ RunTime:0.017000s ]
INFO: [ view_parse ] --END-- [ RunTime:0.017000s ]
INFO: [ view_filter ] --START--
INFO: Run Behavior\WriteHtmlCacheBehavior [ RunTime:0.001000s ]
INFO: [ view_filter ] --END-- [ RunTime:0.001000s ]
INFO: [ app_end ] --START--
INFO: Run Behavior\ShowPageTraceBehavior [ RunTime:0.001000s ]
INFO: [ app_end ] --END-- [ RunTime:0.001000s ]

[ 2017-08-18T14:49:07+08:00 ] ::1 /PSD1705/folder/09-ThickPhp/index.php/Home/News/listern/tid/8
INFO: [ app_init ] --START--
INFO: Run Behavior\BuildLiteBehavior [ RunTime:0.000000s ]
INFO: [ app_init ] --END-- [ RunTime:0.001000s ]
INFO: [ app_begin ] --START--
INFO: Run Behavior\ReadHtmlCacheBehavior [ RunTime:0.001000s ]
INFO: [ app_begin ] --END-- [ RunTime:0.001000s ]
SQL: SHOW COLUMNS FROM `ntype` [ RunTime:0.0080s ]
SQL: SELECT * FROM `ntype`  [ RunTime:0.0010s ]
SQL: SHOW COLUMNS FROM `news` [ RunTime:0.0080s ]
SQL: SELECT * FROM `news` WHERE ( type=8 )  [ RunTime:0.0010s ]
INFO: [ view_parse ] --START--
INFO: [ template_filter ] --START--
INFO: Run Behavior\ContentReplaceBehavior [ RunTime:0.000000s ]
INFO: [ template_filter ] --END-- [ RunTime:0.001000s ]
NOTIC: [8] Undefined variable: a D:\WWW\PSD1705\folder\09-ThickPhp\Application\Runtime\Cache\Home\2efc7d58d3f4ce96c230ce50b6f3e362.php 第 24 行.
INFO: Run Behavior\ParseTemplateBehavior [ RunTime:0.012000s ]
INFO: [ view_parse ] --END-- [ RunTime:0.012000s ]
INFO: [ view_filter ] --START--
INFO: Run Behavior\WriteHtmlCacheBehavior [ RunTime:0.000000s ]
INFO: [ view_filter ] --END-- [ RunTime:0.000000s ]
INFO: [ app_end ] --START--
INFO: Run Behavior\ShowPageTraceBehavior [ RunTime:0.001000s ]
INFO: [ app_end ] --END-- [ RunTime:0.001000s ]

[ 2017-08-18T14:49:09+08:00 ] ::1 /PSD1705/folder/09-ThickPhp/index.php/Home/News/listern/tid/6
INFO: [ app_init ] --START--
INFO: Run Behavior\BuildLiteBehavior [ RunTime:0.000000s ]
INFO: [ app_init ] --END-- [ RunTime:0.000000s ]
INFO: [ app_begin ] --START--
INFO: Run Behavior\ReadHtmlCacheBehavior [ RunTime:0.000000s ]
INFO: [ app_begin ] --END-- [ RunTime:0.001000s ]
SQL: SHOW COLUMNS FROM `ntype` [ RunTime:0.0080s ]
SQL: SELECT * FROM `ntype`  [ RunTime:0.0000s ]
SQL: SHOW COLUMNS FROM `news` [ RunTime:0.0100s ]
SQL: SELECT * FROM `news` WHERE ( type=6 )  [ RunTime:0.0000s ]
INFO: [ view_parse ] --START--
INFO: [ template_filter ] --START--
INFO: Run Behavior\ContentReplaceBehavior [ RunTime:0.000000s ]
INFO: [ template_filter ] --END-- [ RunTime:0.000000s ]
NOTIC: [8] Undefined variable: a D:\WWW\PSD1705\folder\09-ThickPhp\Application\Runtime\Cache\Home\2efc7d58d3f4ce96c230ce50b6f3e362.php 第 24 行.
INFO: Run Behavior\ParseTemplateBehavior [ RunTime:0.013000s ]
INFO: [ view_parse ] --END-- [ RunTime:0.013000s ]
INFO: [ view_filter ] --START--
INFO: Run Behavior\WriteHtmlCacheBehavior [ RunTime:0.000000s ]
INFO: [ view_filter ] --END-- [ RunTime:0.000000s ]
INFO: [ app_end ] --START--
INFO: Run Behavior\ShowPageTraceBehavior [ RunTime:0.001000s ]
INFO: [ app_end ] --END-- [ RunTime:0.001000s ]

[ 2017-08-18T14:49:11+08:00 ] ::1 /PSD1705/folder/09-ThickPhp/index.php/Home/News/listern/tid/5
INFO: [ app_init ] --START--
INFO: Run Behavior\BuildLiteBehavior [ RunTime:0.000000s ]
INFO: [ app_init ] --END-- [ RunTime:0.000000s ]
INFO: [ app_begin ] --START--
INFO: Run Behavior\ReadHtmlCacheBehavior [ RunTime:0.001000s ]
INFO: [ app_begin ] --END-- [ RunTime:0.001000s ]
SQL: SHOW COLUMNS FROM `ntype` [ RunTime:0.0080s ]
SQL: SELECT * FROM `ntype`  [ RunTime:0.0000s ]
SQL: SHOW COLUMNS FROM `news` [ RunTime:0.0100s ]
SQL: SELECT * FROM `news` WHERE ( type=5 )  [ RunTime:0.0010s ]
INFO: [ view_parse ] --START--
INFO: [ template_filter ] --START--
INFO: Run Behavior\ContentReplaceBehavior [ RunTime:0.000000s ]
INFO: [ template_filter ] --END-- [ RunTime:0.000000s ]
NOTIC: [8] Undefined variable: a D:\WWW\PSD1705\folder\09-ThickPhp\Application\Runtime\Cache\Home\2efc7d58d3f4ce96c230ce50b6f3e362.php 第 24 行.
INFO: Run Behavior\ParseTemplateBehavior [ RunTime:0.017000s ]
INFO: [ view_parse ] --END-- [ RunTime:0.017000s ]
INFO: [ view_filter ] --START--
INFO: Run Behavior\WriteHtmlCacheBehavior [ RunTime:0.000000s ]
INFO: [ view_filter ] --END-- [ RunTime:0.000000s ]
INFO: [ app_end ] --START--
INFO: Run Behavior\ShowPageTraceBehavior [ RunTime:0.001000s ]
INFO: [ app_end ] --END-- [ RunTime:0.001000s ]

[ 2017-08-18T14:49:13+08:00 ] ::1 /PSD1705/folder/09-ThickPhp/index.php/Home/News/listern/tid/4
INFO: [ app_init ] --START--
INFO: Run Behavior\BuildLiteBehavior [ RunTime:0.000000s ]
INFO: [ app_init ] --END-- [ RunTime:0.001000s ]
INFO: [ app_begin ] --START--
INFO: Run Behavior\ReadHtmlCacheBehavior [ RunTime:0.001000s ]
INFO: [ app_begin ] --END-- [ RunTime:0.001000s ]
SQL: SHOW COLUMNS FROM `ntype` [ RunTime:0.0100s ]
SQL: SELECT * FROM `ntype`  [ RunTime:0.0010s ]
SQL: SHOW COLUMNS FROM `news` [ RunTime:0.0120s ]
SQL: SELECT * FROM `news` WHERE ( type=4 )  [ RunTime:0.0010s ]
INFO: [ view_parse ] --START--
INFO: [ template_filter ] --START--
INFO: Run Behavior\ContentReplaceBehavior [ RunTime:0.000000s ]
INFO: [ template_filter ] --END-- [ RunTime:0.000000s ]
NOTIC: [8] Undefined variable: a D:\WWW\PSD1705\folder\09-ThickPhp\Application\Runtime\Cache\Home\2efc7d58d3f4ce96c230ce50b6f3e362.php 第 24 行.
INFO: Run Behavior\ParseTemplateBehavior [ RunTime:0.012000s ]
INFO: [ view_parse ] --END-- [ RunTime:0.012000s ]
INFO: [ view_filter ] --START--
INFO: Run Behavior\WriteHtmlCacheBehavior [ RunTime:0.001000s ]
INFO: [ view_filter ] --END-- [ RunTime:0.001000s ]
INFO: [ app_end ] --START--
INFO: Run Behavior\ShowPageTraceBehavior [ RunTime:0.001000s ]
INFO: [ app_end ] --END-- [ RunTime:0.001000s ]

[ 2017-08-18T14:49:16+08:00 ] ::1 /PSD1705/folder/09-ThickPhp/index.php/Home/News/listern/tid/3
INFO: [ app_init ] --START--
INFO: Run Behavior\BuildLiteBehavior [ RunTime:0.000000s ]
INFO: [ app_init ] --END-- [ RunTime:0.001000s ]
INFO: [ app_begin ] --START--
INFO: Run Behavior\ReadHtmlCacheBehavior [ RunTime:0.000000s ]
INFO: [ app_begin ] --END-- [ RunTime:0.000000s ]
SQL: SHOW COLUMNS FROM `ntype` [ RunTime:0.0120s ]
SQL: SELECT * FROM `ntype`  [ RunTime:0.0010s ]
SQL: SHOW COLUMNS FROM `news` [ RunTime:0.0100s ]
SQL: SELECT * FROM `news` WHERE ( type=3 )  [ RunTime:0.0010s ]
INFO: [ view_parse ] --START--
INFO: [ template_filter ] --START--
INFO: Run Behavior\ContentReplaceBehavior [ RunTime:0.000000s ]
INFO: [ template_filter ] --END-- [ RunTime:0.001000s ]
NOTIC: [8] Undefined variable: a D:\WWW\PSD1705\folder\09-ThickPhp\Application\Runtime\Cache\Home\2efc7d58d3f4ce96c230ce50b6f3e362.php 第 24 行.
INFO: Run Behavior\ParseTemplateBehavior [ RunTime:0.015000s ]
INFO: [ view_parse ] --END-- [ RunTime:0.015000s ]
INFO: [ view_filter ] --START--
INFO: Run Behavior\WriteHtmlCacheBehavior [ RunTime:0.001000s ]
INFO: [ view_filter ] --END-- [ RunTime:0.001000s ]
INFO: [ app_end ] --START--
INFO: Run Behavior\ShowPageTraceBehavior [ RunTime:0.001000s ]
INFO: [ app_end ] --END-- [ RunTime:0.001000s ]

[ 2017-08-18T14:49:18+08:00 ] ::1 /PSD1705/folder/09-ThickPhp/index.php/Home/News/listern/tid/2
INFO: [ app_init ] --START--
INFO: Run Behavior\BuildLiteBehavior [ RunTime:0.000000s ]
INFO: [ app_init ] --END-- [ RunTime:0.000000s ]
INFO: [ app_begin ] --START--
INFO: Run Behavior\ReadHtmlCacheBehavior [ RunTime:0.001000s ]
INFO: [ app_begin ] --END-- [ RunTime:0.001000s ]
SQL: SHOW COLUMNS FROM `ntype` [ RunTime:0.0030s ]
SQL: SELECT * FROM `ntype`  [ RunTime:0.0000s ]
SQL: SHOW COLUMNS FROM `news` [ RunTime:0.0020s ]
SQL: SELECT * FROM `news` WHERE ( type=2 )  [ RunTime:0.0010s ]
INFO: [ view_parse ] --START--
INFO: [ template_filter ] --START--
INFO: Run Behavior\ContentReplaceBehavior [ RunTime:0.000000s ]
INFO: [ template_filter ] --END-- [ RunTime:0.000000s ]
NOTIC: [8] Undefined variable: a D:\WWW\PSD1705\folder\09-ThickPhp\Application\Runtime\Cache\Home\2efc7d58d3f4ce96c230ce50b6f3e362.php 第 24 行.
INFO: Run Behavior\ParseTemplateBehavior [ RunTime:0.006000s ]
INFO: [ view_parse ] --END-- [ RunTime:0.006000s ]
INFO: [ view_filter ] --START--
INFO: Run Behavior\WriteHtmlCacheBehavior [ RunTime:0.000000s ]
INFO: [ view_filter ] --END-- [ RunTime:0.000000s ]
INFO: [ app_end ] --START--
INFO: Run Behavior\ShowPageTraceBehavior [ RunTime:0.001000s ]
INFO: [ app_end ] --END-- [ RunTime:0.001000s ]

[ 2017-08-18T14:49:20+08:00 ] ::1 /PSD1705/folder/09-ThickPhp/index.php/Home/News/listern/tid/1
INFO: [ app_init ] --START--
INFO: Run Behavior\BuildLiteBehavior [ RunTime:0.000000s ]
INFO: [ app_init ] --END-- [ RunTime:0.001000s ]
INFO: [ app_begin ] --START--
INFO: Run Behavior\ReadHtmlCacheBehavior [ RunTime:0.001000s ]
INFO: [ app_begin ] --END-- [ RunTime:0.001000s ]
SQL: SHOW COLUMNS FROM `ntype` [ RunTime:0.0050s ]
SQL: SELECT * FROM `ntype`  [ RunTime:0.0010s ]
SQL: SHOW COLUMNS FROM `news` [ RunTime:0.0050s ]
SQL: SELECT * FROM `news` WHERE ( type=1 )  [ RunTime:0.0000s ]
INFO: [ view_parse ] --START--
INFO: [ template_filter ] --START--
INFO: Run Behavior\ContentReplaceBehavior [ RunTime:0.000000s ]
INFO: [ template_filter ] --END-- [ RunTime:0.000000s ]
NOTIC: [8] Undefined variable: a D:\WWW\PSD1705\folder\09-ThickPhp\Application\Runtime\Cache\Home\2efc7d58d3f4ce96c230ce50b6f3e362.php 第 24 行.
INFO: Run Behavior\ParseTemplateBehavior [ RunTime:0.010000s ]
INFO: [ view_parse ] --END-- [ RunTime:0.010000s ]
INFO: [ view_filter ] --START--
INFO: Run Behavior\WriteHtmlCacheBehavior [ RunTime:0.000000s ]
INFO: [ view_filter ] --END-- [ RunTime:0.000000s ]
INFO: [ app_end ] --START--
INFO: Run Behavior\ShowPageTraceBehavior [ RunTime:0.000000s ]
INFO: [ app_end ] --END-- [ RunTime:0.000000s ]

[ 2017-08-18T14:50:41+08:00 ] ::1 /PSD1705/folder/09-ThickPhp/index.php/Home/News/listern/tid/1
INFO: [ app_init ] --START--
INFO: Run Behavior\BuildLiteBehavior [ RunTime:0.000000s ]
INFO: [ app_init ] --END-- [ RunTime:0.000000s ]
INFO: [ app_begin ] --START--
INFO: Run Behavior\ReadHtmlCacheBehavior [ RunTime:0.000000s ]
INFO: [ app_begin ] --END-- [ RunTime:0.001000s ]
SQL: SHOW COLUMNS FROM `ntype` [ RunTime:0.0080s ]
SQL: SELECT * FROM `ntype`  [ RunTime:0.0010s ]
SQL: SHOW COLUMNS FROM `news` [ RunTime:0.0080s ]
SQL: SELECT * FROM `news` WHERE ( type=1 )  [ RunTime:0.0010s ]
INFO: [ view_parse ] --START--
INFO: [ template_filter ] --START--
INFO: Run Behavior\ContentReplaceBehavior [ RunTime:0.000000s ]
INFO: [ template_filter ] --END-- [ RunTime:0.000000s ]
NOTIC: [8] Undefined variable: a D:\WWW\PSD1705\folder\09-ThickPhp\Application\Runtime\Cache\Home\2efc7d58d3f4ce96c230ce50b6f3e362.php 第 24 行.
NOTIC: [8] Undefined index: tname D:\WWW\PSD1705\folder\09-ThickPhp\Application\Runtime\Cache\Home\2efc7d58d3f4ce96c230ce50b6f3e362.php 第 29 行.
NOTIC: [8] Undefined index: tname D:\WWW\PSD1705\folder\09-ThickPhp\Application\Runtime\Cache\Home\2efc7d58d3f4ce96c230ce50b6f3e362.php 第 29 行.
NOTIC: [8] Undefined index: tname D:\WWW\PSD1705\folder\09-ThickPhp\Application\Runtime\Cache\Home\2efc7d58d3f4ce96c230ce50b6f3e362.php 第 29 行.
NOTIC: [8] Undefined index: tname D:\WWW\PSD1705\folder\09-ThickPhp\Application\Runtime\Cache\Home\2efc7d58d3f4ce96c230ce50b6f3e362.php 第 29 行.
NOTIC: [8] Undefined index: tname D:\WWW\PSD1705\folder\09-ThickPhp\Application\Runtime\Cache\Home\2efc7d58d3f4ce96c230ce50b6f3e362.php 第 29 行.
NOTIC: [8] Undefined index: tname D:\WWW\PSD1705\folder\09-ThickPhp\Application\Runtime\Cache\Home\2efc7d58d3f4ce96c230ce50b6f3e362.php 第 29 行.
NOTIC: [8] Undefined index: tname D:\WWW\PSD1705\folder\09-ThickPhp\Application\Runtime\Cache\Home\2efc7d58d3f4ce96c230ce50b6f3e362.php 第 29 行.
NOTIC: [8] Undefined index: tname D:\WWW\PSD1705\folder\09-ThickPhp\Application\Runtime\Cache\Home\2efc7d58d3f4ce96c230ce50b6f3e362.php 第 29 行.
NOTIC: [8] Undefined index: tname D:\WWW\PSD1705\folder\09-ThickPhp\Application\Runtime\Cache\Home\2efc7d58d3f4ce96c230ce50b6f3e362.php 第 29 行.
NOTIC: [8] Undefined index: tname D:\WWW\PSD1705\folder\09-ThickPhp\Application\Runtime\Cache\Home\2efc7d58d3f4ce96c230ce50b6f3e362.php 第 29 行.
NOTIC: [8] Undefined index: tname D:\WWW\PSD1705\folder\09-ThickPhp\Application\Runtime\Cache\Home\2efc7d58d3f4ce96c230ce50b6f3e362.php 第 29 行.
NOTIC: [8] Undefined index: tname D:\WWW\PSD1705\folder\09-ThickPhp\Application\Runtime\Cache\Home\2efc7d58d3f4ce96c230ce50b6f3e362.php 第 29 行.
NOTIC: [8] Undefined index: tname D:\WWW\PSD1705\folder\09-ThickPhp\Application\Runtime\Cache\Home\2efc7d58d3f4ce96c230ce50b6f3e362.php 第 29 行.
NOTIC: [8] Undefined index: tname D:\WWW\PSD1705\folder\09-ThickPhp\Application\Runtime\Cache\Home\2efc7d58d3f4ce96c230ce50b6f3e362.php 第 29 行.
INFO: Run Behavior\ParseTemplateBehavior [ RunTime:0.018000s ]
INFO: [ view_parse ] --END-- [ RunTime:0.018000s ]
INFO: [ view_filter ] --START--
INFO: Run Behavior\WriteHtmlCacheBehavior [ RunTime:0.001000s ]
INFO: [ view_filter ] --END-- [ RunTime:0.001000s ]
INFO: [ app_end ] --START--
INFO: Run Behavior\ShowPageTraceBehavior [ RunTime:0.001000s ]
INFO: [ app_end ] --END-- [ RunTime:0.001000s ]

[ 2017-08-18T14:50:43+08:00 ] ::1 /PSD1705/folder/09-ThickPhp/index.php/Home/News/detail/id/1
INFO: [ app_init ] --START--
INFO: Run Behavior\BuildLiteBehavior [ RunTime:0.000000s ]
INFO: [ app_init ] --END-- [ RunTime:0.001000s ]
INFO: [ app_begin ] --START--
INFO: Run Behavior\ReadHtmlCacheBehavior [ RunTime:0.001000s ]
INFO: [ app_begin ] --END-- [ RunTime:0.001000s ]
INFO: [ view_parse ] --START--
INFO: [ template_filter ] --START--
INFO: Run Behavior\ContentReplaceBehavior [ RunTime:0.000000s ]
INFO: [ template_filter ] --END-- [ RunTime:0.000000s ]
NOTIC: [8] Undefined index: s D:\WWW\PSD1705\folder\09-ThickPhp\Application\Runtime\Cache\Home\aca8b289ff6c2c7180f304ffd37940b8.php 第 8 行.
NOTIC: [8] Undefined variable: typeArr D:\WWW\PSD1705\folder\09-ThickPhp\Application\Runtime\Cache\Home\aca8b289ff6c2c7180f304ffd37940b8.php 第 20 行.
NOTIC: [8] Undefined index: s D:\WWW\PSD1705\folder\09-ThickPhp\Application\Runtime\Cache\Home\aca8b289ff6c2c7180f304ffd37940b8.php 第 25 行.
NOTIC: [8] Undefined index: s D:\WWW\PSD1705\folder\09-ThickPhp\Application\Runtime\Cache\Home\aca8b289ff6c2c7180f304ffd37940b8.php 第 25 行.
INFO: Run Behavior\ParseTemplateBehavior [ RunTime:0.008000s ]
INFO: [ view_parse ] --END-- [ RunTime:0.008000s ]
INFO: [ view_filter ] --START--
INFO: Run Behavior\WriteHtmlCacheBehavior [ RunTime:0.001000s ]
INFO: [ view_filter ] --END-- [ RunTime:0.001000s ]
INFO: [ app_end ] --START--
INFO: Run Behavior\ShowPageTraceBehavior [ RunTime:0.000000s ]
INFO: [ app_end ] --END-- [ RunTime:0.000000s ]

[ 2017-08-18T14:50:46+08:00 ] ::1 /PSD1705/folder/09-ThickPhp/index.php/Home/News/detail/id/2
INFO: [ app_init ] --START--
INFO: Run Behavior\BuildLiteBehavior [ RunTime:0.001000s ]
INFO: [ app_init ] --END-- [ RunTime:0.001000s ]
INFO: [ app_begin ] --START--
INFO: Run Behavior\ReadHtmlCacheBehavior [ RunTime:0.001000s ]
INFO: [ app_begin ] --END-- [ RunTime:0.001000s ]
INFO: [ view_parse ] --START--
INFO: [ template_filter ] --START--
INFO: Run Behavior\ContentReplaceBehavior [ RunTime:0.000000s ]
INFO: [ template_filter ] --END-- [ RunTime:0.000000s ]
NOTIC: [8] Undefined index: s D:\WWW\PSD1705\folder\09-ThickPhp\Application\Runtime\Cache\Home\aca8b289ff6c2c7180f304ffd37940b8.php 第 8 行.
NOTIC: [8] Undefined variable: typeArr D:\WWW\PSD1705\folder\09-ThickPhp\Application\Runtime\Cache\Home\aca8b289ff6c2c7180f304ffd37940b8.php 第 20 行.
NOTIC: [8] Undefined index: s D:\WWW\PSD1705\folder\09-ThickPhp\Application\Runtime\Cache\Home\aca8b289ff6c2c7180f304ffd37940b8.php 第 25 行.
NOTIC: [8] Undefined index: s D:\WWW\PSD1705\folder\09-ThickPhp\Application\Runtime\Cache\Home\aca8b289ff6c2c7180f304ffd37940b8.php 第 25 行.
INFO: Run Behavior\ParseTemplateBehavior [ RunTime:0.008000s ]
INFO: [ view_parse ] --END-- [ RunTime:0.008000s ]
INFO: [ view_filter ] --START--
INFO: Run Behavior\WriteHtmlCacheBehavior [ RunTime:0.001000s ]
INFO: [ view_filter ] --END-- [ RunTime:0.001000s ]
INFO: [ app_end ] --START--
INFO: Run Behavior\ShowPageTraceBehavior [ RunTime:0.001000s ]
INFO: [ app_end ] --END-- [ RunTime:0.001000s ]

[ 2017-08-18T14:50:48+08:00 ] ::1 /PSD1705/folder/09-ThickPhp/index.php/Home/News/detail/id/3
INFO: [ app_init ] --START--
INFO: Run Behavior\BuildLiteBehavior [ RunTime:0.000000s ]
INFO: [ app_init ] --END-- [ RunTime:0.000000s ]
INFO: [ app_begin ] --START--
INFO: Run Behavior\ReadHtmlCacheBehavior [ RunTime:0.001000s ]
INFO: [ app_begin ] --END-- [ RunTime:0.001000s ]
INFO: [ view_parse ] --START--
INFO: [ template_filter ] --START--
INFO: Run Behavior\ContentReplaceBehavior [ RunTime:0.000000s ]
INFO: [ template_filter ] --END-- [ RunTime:0.000000s ]
NOTIC: [8] Undefined index: s D:\WWW\PSD1705\folder\09-ThickPhp\Application\Runtime\Cache\Home\aca8b289ff6c2c7180f304ffd37940b8.php 第 8 行.
NOTIC: [8] Undefined variable: typeArr D:\WWW\PSD1705\folder\09-ThickPhp\Application\Runtime\Cache\Home\aca8b289ff6c2c7180f304ffd37940b8.php 第 20 行.
NOTIC: [8] Undefined index: s D:\WWW\PSD1705\folder\09-ThickPhp\Application\Runtime\Cache\Home\aca8b289ff6c2c7180f304ffd37940b8.php 第 25 行.
NOTIC: [8] Undefined index: s D:\WWW\PSD1705\folder\09-ThickPhp\Application\Runtime\Cache\Home\aca8b289ff6c2c7180f304ffd37940b8.php 第 25 行.
INFO: Run Behavior\ParseTemplateBehavior [ RunTime:0.009000s ]
INFO: [ view_parse ] --END-- [ RunTime:0.009000s ]
INFO: [ view_filter ] --START--
INFO: Run Behavior\WriteHtmlCacheBehavior [ RunTime:0.000000s ]
INFO: [ view_filter ] --END-- [ RunTime:0.000000s ]
INFO: [ app_end ] --START--
INFO: Run Behavior\ShowPageTraceBehavior [ RunTime:0.000000s ]
INFO: [ app_end ] --END-- [ RunTime:0.000000s ]

[ 2017-08-18T14:50:50+08:00 ] ::1 /PSD1705/folder/09-ThickPhp/index.php/Home/News/detail/id/14
INFO: [ app_init ] --START--
INFO: Run Behavior\BuildLiteBehavior [ RunTime:0.000000s ]
INFO: [ app_init ] --END-- [ RunTime:0.001000s ]
INFO: [ app_begin ] --START--
INFO: Run Behavior\ReadHtmlCacheBehavior [ RunTime:0.001000s ]
INFO: [ app_begin ] --END-- [ RunTime:0.001000s ]
INFO: [ view_parse ] --START--
INFO: [ template_filter ] --START--
INFO: Run Behavior\ContentReplaceBehavior [ RunTime:0.000000s ]
INFO: [ template_filter ] --END-- [ RunTime:0.000000s ]
NOTIC: [8] Undefined index: s D:\WWW\PSD1705\folder\09-ThickPhp\Application\Runtime\Cache\Home\aca8b289ff6c2c7180f304ffd37940b8.php 第 8 行.
NOTIC: [8] Undefined variable: typeArr D:\WWW\PSD1705\folder\09-ThickPhp\Application\Runtime\Cache\Home\aca8b289ff6c2c7180f304ffd37940b8.php 第 20 行.
NOTIC: [8] Undefined index: s D:\WWW\PSD1705\folder\09-ThickPhp\Application\Runtime\Cache\Home\aca8b289ff6c2c7180f304ffd37940b8.php 第 25 行.
NOTIC: [8] Undefined index: s D:\WWW\PSD1705\folder\09-ThickPhp\Application\Runtime\Cache\Home\aca8b289ff6c2c7180f304ffd37940b8.php 第 25 行.
INFO: Run Behavior\ParseTemplateBehavior [ RunTime:0.008000s ]
INFO: [ view_parse ] --END-- [ RunTime:0.008000s ]
INFO: [ view_filter ] --START--
INFO: Run Behavior\WriteHtmlCacheBehavior [ RunTime:0.000000s ]
INFO: [ view_filter ] --END-- [ RunTime:0.000000s ]
INFO: [ app_end ] --START--
INFO: Run Behavior\ShowPageTraceBehavior [ RunTime:0.001000s ]
INFO: [ app_end ] --END-- [ RunTime:0.001000s ]

[ 2017-08-18T14:51:44+08:00 ] ::1 /PSD1705/folder/09-ThickPhp/index.php/Home/News/listern/tid/1
INFO: [ app_init ] --START--
INFO: Run Behavior\BuildLiteBehavior [ RunTime:0.000000s ]
INFO: [ app_init ] --END-- [ RunTime:0.001000s ]
INFO: [ app_begin ] --START--
INFO: Run Behavior\ReadHtmlCacheBehavior [ RunTime:0.001000s ]
INFO: [ app_begin ] --END-- [ RunTime:0.001000s ]
SQL: SHOW COLUMNS FROM `ntype` [ RunTime:0.0100s ]
SQL: SELECT * FROM `ntype`  [ RunTime:0.0000s ]
SQL: SHOW COLUMNS FROM `news` [ RunTime:0.0080s ]
SQL: SELECT * FROM `news` WHERE ( type=1 )  [ RunTime:0.0010s ]
INFO: [ view_parse ] --START--
INFO: [ template_filter ] --START--
INFO: Run Behavior\ContentReplaceBehavior [ RunTime:0.000000s ]
INFO: [ template_filter ] --END-- [ RunTime:0.000000s ]
NOTIC: [8] Undefined variable: a D:\WWW\PSD1705\folder\09-ThickPhp\Application\Runtime\Cache\Home\2efc7d58d3f4ce96c230ce50b6f3e362.php 第 24 行.
NOTIC: [8] Undefined index: tname D:\WWW\PSD1705\folder\09-ThickPhp\Application\Runtime\Cache\Home\2efc7d58d3f4ce96c230ce50b6f3e362.php 第 29 行.
NOTIC: [8] Undefined index: tname D:\WWW\PSD1705\folder\09-ThickPhp\Application\Runtime\Cache\Home\2efc7d58d3f4ce96c230ce50b6f3e362.php 第 29 行.
NOTIC: [8] Undefined index: tname D:\WWW\PSD1705\folder\09-ThickPhp\Application\Runtime\Cache\Home\2efc7d58d3f4ce96c230ce50b6f3e362.php 第 29 行.
NOTIC: [8] Undefined index: tname D:\WWW\PSD1705\folder\09-ThickPhp\Application\Runtime\Cache\Home\2efc7d58d3f4ce96c230ce50b6f3e362.php 第 29 行.
NOTIC: [8] Undefined index: tname D:\WWW\PSD1705\folder\09-ThickPhp\Application\Runtime\Cache\Home\2efc7d58d3f4ce96c230ce50b6f3e362.php 第 29 行.
NOTIC: [8] Undefined index: tname D:\WWW\PSD1705\folder\09-ThickPhp\Application\Runtime\Cache\Home\2efc7d58d3f4ce96c230ce50b6f3e362.php 第 29 行.
NOTIC: [8] Undefined index: tname D:\WWW\PSD1705\folder\09-ThickPhp\Application\Runtime\Cache\Home\2efc7d58d3f4ce96c230ce50b6f3e362.php 第 29 行.
NOTIC: [8] Undefined index: tname D:\WWW\PSD1705\folder\09-ThickPhp\Application\Runtime\Cache\Home\2efc7d58d3f4ce96c230ce50b6f3e362.php 第 29 行.
NOTIC: [8] Undefined index: tname D:\WWW\PSD1705\folder\09-ThickPhp\Application\Runtime\Cache\Home\2efc7d58d3f4ce96c230ce50b6f3e362.php 第 29 行.
NOTIC: [8] Undefined index: tname D:\WWW\PSD1705\folder\09-ThickPhp\Application\Runtime\Cache\Home\2efc7d58d3f4ce96c230ce50b6f3e362.php 第 29 行.
NOTIC: [8] Undefined index: tname D:\WWW\PSD1705\folder\09-ThickPhp\Application\Runtime\Cache\Home\2efc7d58d3f4ce96c230ce50b6f3e362.php 第 29 行.
NOTIC: [8] Undefined index: tname D:\WWW\PSD1705\folder\09-ThickPhp\Application\Runtime\Cache\Home\2efc7d58d3f4ce96c230ce50b6f3e362.php 第 29 行.
NOTIC: [8] Undefined index: tname D:\WWW\PSD1705\folder\09-ThickPhp\Application\Runtime\Cache\Home\2efc7d58d3f4ce96c230ce50b6f3e362.php 第 29 行.
NOTIC: [8] Undefined index: tname D:\WWW\PSD1705\folder\09-ThickPhp\Application\Runtime\Cache\Home\2efc7d58d3f4ce96c230ce50b6f3e362.php 第 29 行.
INFO: Run Behavior\ParseTemplateBehavior [ RunTime:0.011000s ]
INFO: [ view_parse ] --END-- [ RunTime:0.012000s ]
INFO: [ view_filter ] --START--
INFO: Run Behavior\WriteHtmlCacheBehavior [ RunTime:0.000000s ]
INFO: [ view_filter ] --END-- [ RunTime:0.000000s ]
INFO: [ app_end ] --START--
INFO: Run Behavior\ShowPageTraceBehavior [ RunTime:0.001000s ]
INFO: [ app_end ] --END-- [ RunTime:0.001000s ]

[ 2017-08-18T14:51:47+08:00 ] ::1 /PSD1705/folder/09-ThickPhp/index.php/Home/News/detail/id/2
INFO: [ app_init ] --START--
INFO: Run Behavior\BuildLiteBehavior [ RunTime:0.000000s ]
INFO: [ app_init ] --END-- [ RunTime:0.001000s ]
INFO: [ app_begin ] --START--
INFO: Run Behavior\ReadHtmlCacheBehavior [ RunTime:0.001000s ]
INFO: [ app_begin ] --END-- [ RunTime:0.001000s ]
INFO: [ view_parse ] --START--
INFO: [ template_filter ] --START--
INFO: Run Behavior\ContentReplaceBehavior [ RunTime:0.000000s ]
INFO: [ template_filter ] --END-- [ RunTime:0.000000s ]
NOTIC: [8] Undefined index: s D:\WWW\PSD1705\folder\09-ThickPhp\Application\Runtime\Cache\Home\aca8b289ff6c2c7180f304ffd37940b8.php 第 8 行.
NOTIC: [8] Undefined variable: typeArr D:\WWW\PSD1705\folder\09-ThickPhp\Application\Runtime\Cache\Home\aca8b289ff6c2c7180f304ffd37940b8.php 第 20 行.
NOTIC: [8] Undefined index: s D:\WWW\PSD1705\folder\09-ThickPhp\Application\Runtime\Cache\Home\aca8b289ff6c2c7180f304ffd37940b8.php 第 25 行.
NOTIC: [8] Undefined index: s D:\WWW\PSD1705\folder\09-ThickPhp\Application\Runtime\Cache\Home\aca8b289ff6c2c7180f304ffd37940b8.php 第 25 行.
INFO: Run Behavior\ParseTemplateBehavior [ RunTime:0.007000s ]
INFO: [ view_parse ] --END-- [ RunTime:0.007000s ]
INFO: [ view_filter ] --START--
INFO: Run Behavior\WriteHtmlCacheBehavior [ RunTime:0.001000s ]
INFO: [ view_filter ] --END-- [ RunTime:0.001000s ]
INFO: [ app_end ] --START--
INFO: Run Behavior\ShowPageTraceBehavior [ RunTime:0.001000s ]
INFO: [ app_end ] --END-- [ RunTime:0.001000s ]

[ 2017-08-18T14:51:50+08:00 ] ::1 /PSD1705/folder/09-ThickPhp/index.php/Home/News/detail/id/3
INFO: [ app_init ] --START--
INFO: Run Behavior\BuildLiteBehavior [ RunTime:0.000000s ]
INFO: [ app_init ] --END-- [ RunTime:0.001000s ]
INFO: [ app_begin ] --START--
INFO: Run Behavior\ReadHtmlCacheBehavior [ RunTime:0.001000s ]
INFO: [ app_begin ] --END-- [ RunTime:0.001000s ]
INFO: [ view_parse ] --START--
INFO: [ template_filter ] --START--
INFO: Run Behavior\ContentReplaceBehavior [ RunTime:0.000000s ]
INFO: [ template_filter ] --END-- [ RunTime:0.000000s ]
NOTIC: [8] Undefined index: s D:\WWW\PSD1705\folder\09-ThickPhp\Application\Runtime\Cache\Home\aca8b289ff6c2c7180f304ffd37940b8.php 第 8 行.
NOTIC: [8] Undefined variable: typeArr D:\WWW\PSD1705\folder\09-ThickPhp\Application\Runtime\Cache\Home\aca8b289ff6c2c7180f304ffd37940b8.php 第 20 行.
NOTIC: [8] Undefined index: s D:\WWW\PSD1705\folder\09-ThickPhp\Application\Runtime\Cache\Home\aca8b289ff6c2c7180f304ffd37940b8.php 第 25 行.
NOTIC: [8] Undefined index: s D:\WWW\PSD1705\folder\09-ThickPhp\Application\Runtime\Cache\Home\aca8b289ff6c2c7180f304ffd37940b8.php 第 25 行.
INFO: Run Behavior\ParseTemplateBehavior [ RunTime:0.007000s ]
INFO: [ view_parse ] --END-- [ RunTime:0.007000s ]
INFO: [ view_filter ] --START--
INFO: Run Behavior\WriteHtmlCacheBehavior [ RunTime:0.000000s ]
INFO: [ view_filter ] --END-- [ RunTime:0.000000s ]
INFO: [ app_end ] --START--
INFO: Run Behavior\ShowPageTraceBehavior [ RunTime:0.001000s ]
INFO: [ app_end ] --END-- [ RunTime:0.001000s ]

[ 2017-08-18T14:56:37+08:00 ] ::1 /PSD1705/folder/09-ThickPhp/index.php/Home/News/listern/tid/1
INFO: [ app_init ] --START--
INFO: Run Behavior\BuildLiteBehavior [ RunTime:0.000000s ]
INFO: [ app_init ] --END-- [ RunTime:0.000000s ]
INFO: [ app_begin ] --START--
INFO: Run Behavior\ReadHtmlCacheBehavior [ RunTime:0.001000s ]
INFO: [ app_begin ] --END-- [ RunTime:0.001000s ]
SQL: SHOW COLUMNS FROM `ntype` [ RunTime:0.0080s ]
SQL: SELECT * FROM `ntype`  [ RunTime:0.0000s ]
INFO: [ view_parse ] --START--
INFO: [ template_filter ] --START--
INFO: Run Behavior\ContentReplaceBehavior [ RunTime:0.000000s ]
INFO: [ template_filter ] --END-- [ RunTime:0.000000s ]
NOTIC: [8] Undefined variable: a D:\WWW\PSD1705\folder\09-ThickPhp\Application\Runtime\Cache\Home\2efc7d58d3f4ce96c230ce50b6f3e362.php 第 24 行.
NOTIC: [8] Undefined variable: arr D:\WWW\PSD1705\folder\09-ThickPhp\Application\Runtime\Cache\Home\2efc7d58d3f4ce96c230ce50b6f3e362.php 第 26 行.
INFO: Run Behavior\ParseTemplateBehavior [ RunTime:0.027000s ]
INFO: [ view_parse ] --END-- [ RunTime:0.027000s ]
INFO: [ view_filter ] --START--
INFO: Run Behavior\WriteHtmlCacheBehavior [ RunTime:0.000000s ]
INFO: [ view_filter ] --END-- [ RunTime:0.001000s ]
INFO: [ app_end ] --START--
INFO: Run Behavior\ShowPageTraceBehavior [ RunTime:0.001000s ]
INFO: [ app_end ] --END-- [ RunTime:0.001000s ]

[ 2017-08-18T14:57:09+08:00 ] ::1 /PSD1705/folder/09-ThickPhp/index.php/Home/News/listern/tid/1
INFO: [ app_init ] --START--
INFO: Run Behavior\BuildLiteBehavior [ RunTime:0.000000s ]
INFO: [ app_init ] --END-- [ RunTime:0.001000s ]
INFO: [ app_begin ] --START--
INFO: Run Behavior\ReadHtmlCacheBehavior [ RunTime:0.001000s ]
INFO: [ app_begin ] --END-- [ RunTime:0.001000s ]
SQL: SHOW COLUMNS FROM `ntype` [ RunTime:0.0080s ]
SQL: SELECT * FROM `ntype`  [ RunTime:0.0010s ]
INFO: [ view_parse ] --START--
INFO: [ template_filter ] --START--
INFO: Run Behavior\ContentReplaceBehavior [ RunTime:0.000000s ]
INFO: [ template_filter ] --END-- [ RunTime:0.000000s ]
NOTIC: [8] Undefined variable: a D:\WWW\PSD1705\folder\09-ThickPhp\Application\Runtime\Cache\Home\2efc7d58d3f4ce96c230ce50b6f3e362.php 第 24 行.
NOTIC: [8] Undefined variable: arr D:\WWW\PSD1705\folder\09-ThickPhp\Application\Runtime\Cache\Home\2efc7d58d3f4ce96c230ce50b6f3e362.php 第 26 行.
INFO: Run Behavior\ParseTemplateBehavior [ RunTime:0.018000s ]
INFO: [ view_parse ] --END-- [ RunTime:0.018000s ]
INFO: [ view_filter ] --START--
INFO: Run Behavior\WriteHtmlCacheBehavior [ RunTime:0.001000s ]
INFO: [ view_filter ] --END-- [ RunTime:0.001000s ]
INFO: [ app_end ] --START--
INFO: Run Behavior\ShowPageTraceBehavior [ RunTime:0.001000s ]
INFO: [ app_end ] --END-- [ RunTime:0.001000s ]

[ 2017-08-18T14:57:12+08:00 ] ::1 /PSD1705/folder/09-ThickPhp/index.php/Home/News/listern/tid/1
INFO: [ app_init ] --START--
INFO: Run Behavior\BuildLiteBehavior [ RunTime:0.000000s ]
INFO: [ app_init ] --END-- [ RunTime:0.000000s ]
INFO: [ app_begin ] --START--
INFO: Run Behavior\ReadHtmlCacheBehavior [ RunTime:0.000000s ]
INFO: [ app_begin ] --END-- [ RunTime:0.000000s ]
SQL: SHOW COLUMNS FROM `ntype` [ RunTime:0.0030s ]
SQL: SELECT * FROM `ntype`  [ RunTime:0.0000s ]
INFO: [ view_parse ] --START--
INFO: [ template_filter ] --START--
INFO: Run Behavior\ContentReplaceBehavior [ RunTime:0.000000s ]
INFO: [ template_filter ] --END-- [ RunTime:0.000000s ]
NOTIC: [8] Undefined variable: a D:\WWW\PSD1705\folder\09-ThickPhp\Application\Runtime\Cache\Home\2efc7d58d3f4ce96c230ce50b6f3e362.php 第 24 行.
NOTIC: [8] Undefined variable: arr D:\WWW\PSD1705\folder\09-ThickPhp\Application\Runtime\Cache\Home\2efc7d58d3f4ce96c230ce50b6f3e362.php 第 26 行.
INFO: Run Behavior\ParseTemplateBehavior [ RunTime:0.006000s ]
INFO: [ view_parse ] --END-- [ RunTime:0.006000s ]
INFO: [ view_filter ] --START--
INFO: Run Behavior\WriteHtmlCacheBehavior [ RunTime:0.000000s ]
INFO: [ view_filter ] --END-- [ RunTime:0.000000s ]
INFO: [ app_end ] --START--
INFO: Run Behavior\ShowPageTraceBehavior [ RunTime:0.000000s ]
INFO: [ app_end ] --END-- [ RunTime:0.000000s ]

[ 2017-08-18T14:57:26+08:00 ] ::1 /PSD1705/folder/09-ThickPhp/index.php/Home/News/detail
INFO: [ app_init ] --START--
INFO: Run Behavior\BuildLiteBehavior [ RunTime:0.000000s ]
INFO: [ app_init ] --END-- [ RunTime:0.001000s ]
INFO: [ app_begin ] --START--
INFO: Run Behavior\ReadHtmlCacheBehavior [ RunTime:0.001000s ]
INFO: [ app_begin ] --END-- [ RunTime:0.001000s ]
SQL: SHOW COLUMNS FROM `ntype` [ RunTime:0.0090s ]
SQL: SELECT * FROM `ntype`  [ RunTime:0.0010s ]
NOTIC: [8] Undefined index: id D:\WWW\PSD1705\folder\09-ThickPhp\Application\Home\Controller\NewsController.class.php 第 43 行.
SQL: SHOW COLUMNS FROM `news` [ RunTime:0.0110s ]
ERR: 1064:You have an error in your SQL syntax; check the manual that corresponds to your MySQL server version for the right syntax to use near ') LIMIT 1' at line 1
 [ SQL语句 ] : SELECT * FROM `news` WHERE ( id= ) LIMIT 1  
ERR: 1064:You have an error in your SQL syntax; check the manual that corresponds to your MySQL server version for the right syntax to use near ') LIMIT 1' at line 1
 [ SQL语句 ] : SELECT * FROM `news` WHERE ( id= ) LIMIT 1  

[ 2017-08-18T14:58:37+08:00 ] ::1 /PSD1705/folder/09-ThickPhp/index.php/Home/News/detail/tid/1
INFO: [ app_init ] --START--
INFO: Run Behavior\BuildLiteBehavior [ RunTime:0.000000s ]
INFO: [ app_init ] --END-- [ RunTime:0.001000s ]
INFO: [ app_begin ] --START--
INFO: Run Behavior\ReadHtmlCacheBehavior [ RunTime:0.000000s ]
INFO: [ app_begin ] --END-- [ RunTime:0.001000s ]
SQL: SHOW COLUMNS FROM `ntype` [ RunTime:0.0080s ]
SQL: SELECT * FROM `ntype`  [ RunTime:0.0010s ]
NOTIC: [8] Undefined index: id D:\WWW\PSD1705\folder\09-ThickPhp\Application\Home\Controller\NewsController.class.php 第 43 行.
SQL: SHOW COLUMNS FROM `news` [ RunTime:0.0090s ]
ERR: 1064:You have an error in your SQL syntax; check the manual that corresponds to your MySQL server version for the right syntax to use near ') LIMIT 1' at line 1
 [ SQL语句 ] : SELECT * FROM `news` WHERE ( id= ) LIMIT 1  
ERR: 1064:You have an error in your SQL syntax; check the manual that corresponds to your MySQL server version for the right syntax to use near ') LIMIT 1' at line 1
 [ SQL语句 ] : SELECT * FROM `news` WHERE ( id= ) LIMIT 1  

[ 2017-08-18T14:58:47+08:00 ] ::1 /PSD1705/folder/09-ThickPhp/index.php/Home/News/listern
INFO: [ app_init ] --START--
INFO: Run Behavior\BuildLiteBehavior [ RunTime:0.000000s ]
INFO: [ app_init ] --END-- [ RunTime:0.000000s ]
INFO: [ app_begin ] --START--
INFO: Run Behavior\ReadHtmlCacheBehavior [ RunTime:0.001000s ]
INFO: [ app_begin ] --END-- [ RunTime:0.001000s ]
SQL: SHOW COLUMNS FROM `ntype` [ RunTime:0.0090s ]
SQL: SELECT * FROM `ntype`  [ RunTime:0.0010s ]
SQL: SHOW COLUMNS FROM `news` [ RunTime:0.0090s ]
SQL: SELECT n.id,n.title,t.tname FROM news n INNER JOIN ntype t on n.type=t.id  ORDER BY id desc LIMIT 0,5   [ RunTime:0.0010s ]
INFO: [ view_parse ] --START--
INFO: [ template_filter ] --START--
INFO: Run Behavior\ContentReplaceBehavior [ RunTime:0.000000s ]
INFO: [ template_filter ] --END-- [ RunTime:0.000000s ]
NOTIC: [8] Undefined variable: a D:\WWW\PSD1705\folder\09-ThickPhp\Application\Runtime\Cache\Home\2efc7d58d3f4ce96c230ce50b6f3e362.php 第 24 行.
NOTIC: [8] Undefined index: addtime D:\WWW\PSD1705\folder\09-ThickPhp\Application\Runtime\Cache\Home\2efc7d58d3f4ce96c230ce50b6f3e362.php 第 30 行.
NOTIC: [8] Undefined index: addtime D:\WWW\PSD1705\folder\09-ThickPhp\Application\Runtime\Cache\Home\2efc7d58d3f4ce96c230ce50b6f3e362.php 第 30 行.
NOTIC: [8] Undefined index: addtime D:\WWW\PSD1705\folder\09-ThickPhp\Application\Runtime\Cache\Home\2efc7d58d3f4ce96c230ce50b6f3e362.php 第 30 行.
NOTIC: [8] Undefined index: addtime D:\WWW\PSD1705\folder\09-ThickPhp\Application\Runtime\Cache\Home\2efc7d58d3f4ce96c230ce50b6f3e362.php 第 30 行.
NOTIC: [8] Undefined index: addtime D:\WWW\PSD1705\folder\09-ThickPhp\Application\Runtime\Cache\Home\2efc7d58d3f4ce96c230ce50b6f3e362.php 第 30 行.
INFO: Run Behavior\ParseTemplateBehavior [ RunTime:0.020000s ]
INFO: [ view_parse ] --END-- [ RunTime:0.020000s ]
INFO: [ view_filter ] --START--
INFO: Run Behavior\WriteHtmlCacheBehavior [ RunTime:0.001000s ]
INFO: [ view_filter ] --END-- [ RunTime:0.001000s ]
INFO: [ app_end ] --START--
INFO: Run Behavior\ShowPageTraceBehavior [ RunTime:0.001000s ]
INFO: [ app_end ] --END-- [ RunTime:0.002000s ]

[ 2017-08-18T14:58:52+08:00 ] ::1 /PSD1705/folder/09-ThickPhp/index.php/Home/News/listern/tid/1
INFO: [ app_init ] --START--
INFO: Run Behavior\BuildLiteBehavior [ RunTime:0.000000s ]
INFO: [ app_init ] --END-- [ RunTime:0.000000s ]
INFO: [ app_begin ] --START--
INFO: Run Behavior\ReadHtmlCacheBehavior [ RunTime:0.001000s ]
INFO: [ app_begin ] --END-- [ RunTime:0.001000s ]
SQL: SHOW COLUMNS FROM `ntype` [ RunTime:0.0080s ]
SQL: SELECT * FROM `ntype`  [ RunTime:0.0010s ]
SQL: SHOW COLUMNS FROM `news` [ RunTime:0.0090s ]
SQL: SELECT n.id,n.title,t.tname FROM news n INNER JOIN ntype t on n.type=t.id  WHERE ( n.type=1 ) ORDER BY id desc LIMIT 0,5   [ RunTime:0.0490s ]
INFO: [ view_parse ] --START--
INFO: [ template_filter ] --START--
INFO: Run Behavior\ContentReplaceBehavior [ RunTime:0.000000s ]
INFO: [ template_filter ] --END-- [ RunTime:0.000000s ]
NOTIC: [8] Undefined variable: a D:\WWW\PSD1705\folder\09-ThickPhp\Application\Runtime\Cache\Home\2efc7d58d3f4ce96c230ce50b6f3e362.php 第 24 行.
NOTIC: [8] Undefined index: addtime D:\WWW\PSD1705\folder\09-ThickPhp\Application\Runtime\Cache\Home\2efc7d58d3f4ce96c230ce50b6f3e362.php 第 30 行.
NOTIC: [8] Undefined index: addtime D:\WWW\PSD1705\folder\09-ThickPhp\Application\Runtime\Cache\Home\2efc7d58d3f4ce96c230ce50b6f3e362.php 第 30 行.
NOTIC: [8] Undefined index: addtime D:\WWW\PSD1705\folder\09-ThickPhp\Application\Runtime\Cache\Home\2efc7d58d3f4ce96c230ce50b6f3e362.php 第 30 行.
NOTIC: [8] Undefined index: addtime D:\WWW\PSD1705\folder\09-ThickPhp\Application\Runtime\Cache\Home\2efc7d58d3f4ce96c230ce50b6f3e362.php 第 30 行.
NOTIC: [8] Undefined index: addtime D:\WWW\PSD1705\folder\09-ThickPhp\Application\Runtime\Cache\Home\2efc7d58d3f4ce96c230ce50b6f3e362.php 第 30 行.
INFO: Run Behavior\ParseTemplateBehavior [ RunTime:0.018000s ]
INFO: [ view_parse ] --END-- [ RunTime:0.018000s ]
INFO: [ view_filter ] --START--
INFO: Run Behavior\WriteHtmlCacheBehavior [ RunTime:0.001000s ]
INFO: [ view_filter ] --END-- [ RunTime:0.001000s ]
INFO: [ app_end ] --START--
INFO: Run Behavior\ShowPageTraceBehavior [ RunTime:0.001000s ]
INFO: [ app_end ] --END-- [ RunTime:0.001000s ]

[ 2017-08-18T14:58:54+08:00 ] ::1 /PSD1705/folder/09-ThickPhp/index.php/Home/News/listern/tid/2
INFO: [ app_init ] --START--
INFO: Run Behavior\BuildLiteBehavior [ RunTime:0.000000s ]
INFO: [ app_init ] --END-- [ RunTime:0.000000s ]
INFO: [ app_begin ] --START--
INFO: Run Behavior\ReadHtmlCacheBehavior [ RunTime:0.001000s ]
INFO: [ app_begin ] --END-- [ RunTime:0.001000s ]
SQL: SHOW COLUMNS FROM `ntype` [ RunTime:0.0090s ]
SQL: SELECT * FROM `ntype`  [ RunTime:0.0000s ]
SQL: SHOW COLUMNS FROM `news` [ RunTime:0.0090s ]
SQL: SELECT n.id,n.title,t.tname FROM news n INNER JOIN ntype t on n.type=t.id  WHERE ( n.type=2 ) ORDER BY id desc LIMIT 0,5   [ RunTime:0.0010s ]
INFO: [ view_parse ] --START--
INFO: [ template_filter ] --START--
INFO: Run Behavior\ContentReplaceBehavior [ RunTime:0.000000s ]
INFO: [ template_filter ] --END-- [ RunTime:0.000000s ]
NOTIC: [8] Undefined variable: a D:\WWW\PSD1705\folder\09-ThickPhp\Application\Runtime\Cache\Home\2efc7d58d3f4ce96c230ce50b6f3e362.php 第 24 行.
NOTIC: [8] Undefined index: addtime D:\WWW\PSD1705\folder\09-ThickPhp\Application\Runtime\Cache\Home\2efc7d58d3f4ce96c230ce50b6f3e362.php 第 30 行.
NOTIC: [8] Undefined index: addtime D:\WWW\PSD1705\folder\09-ThickPhp\Application\Runtime\Cache\Home\2efc7d58d3f4ce96c230ce50b6f3e362.php 第 30 行.
INFO: Run Behavior\ParseTemplateBehavior [ RunTime:0.012000s ]
INFO: [ view_parse ] --END-- [ RunTime:0.012000s ]
INFO: [ view_filter ] --START--
INFO: Run Behavior\WriteHtmlCacheBehavior [ RunTime:0.000000s ]
INFO: [ view_filter ] --END-- [ RunTime:0.000000s ]
INFO: [ app_end ] --START--
INFO: Run Behavior\ShowPageTraceBehavior [ RunTime:0.001000s ]
INFO: [ app_end ] --END-- [ RunTime:0.001000s ]

[ 2017-08-18T14:59:16+08:00 ] ::1 /PSD1705/folder/09-ThickPhp/index.php/Home/News/detail
INFO: [ app_init ] --START--
INFO: Run Behavior\BuildLiteBehavior [ RunTime:0.000000s ]
INFO: [ app_init ] --END-- [ RunTime:0.000000s ]
INFO: [ app_begin ] --START--
INFO: Run Behavior\ReadHtmlCacheBehavior [ RunTime:0.001000s ]
INFO: [ app_begin ] --END-- [ RunTime:0.001000s ]
SQL: SHOW COLUMNS FROM `ntype` [ RunTime:0.0110s ]
SQL: SELECT * FROM `ntype`  [ RunTime:0.0010s ]
NOTIC: [8] Undefined index: id D:\WWW\PSD1705\folder\09-ThickPhp\Application\Home\Controller\NewsController.class.php 第 43 行.
SQL: SHOW COLUMNS FROM `news` [ RunTime:0.0100s ]
ERR: 1064:You have an error in your SQL syntax; check the manual that corresponds to your MySQL server version for the right syntax to use near ') LIMIT 1' at line 1
 [ SQL语句 ] : SELECT * FROM `news` WHERE ( id= ) LIMIT 1  
ERR: 1064:You have an error in your SQL syntax; check the manual that corresponds to your MySQL server version for the right syntax to use near ') LIMIT 1' at line 1
 [ SQL语句 ] : SELECT * FROM `news` WHERE ( id= ) LIMIT 1  

[ 2017-08-18T14:59:32+08:00 ] ::1 /PSD1705/folder/09-ThickPhp/index.php/Home/News/detail/id/2
INFO: [ app_init ] --START--
INFO: Run Behavior\BuildLiteBehavior [ RunTime:0.000000s ]
INFO: [ app_init ] --END-- [ RunTime:0.000000s ]
INFO: [ app_begin ] --START--
INFO: Run Behavior\ReadHtmlCacheBehavior [ RunTime:0.001000s ]
INFO: [ app_begin ] --END-- [ RunTime:0.001000s ]
SQL: SHOW COLUMNS FROM `ntype` [ RunTime:0.0090s ]
SQL: SELECT * FROM `ntype`  [ RunTime:0.0010s ]
SQL: SHOW COLUMNS FROM `news` [ RunTime:0.0090s ]
SQL: SELECT * FROM `news` WHERE ( id=2 ) LIMIT 1   [ RunTime:0.0000s ]
INFO: [ view_parse ] --START--
INFO: [ template_filter ] --START--
INFO: Run Behavior\ContentReplaceBehavior [ RunTime:0.000000s ]
INFO: [ template_filter ] --END-- [ RunTime:0.000000s ]
NOTIC: [8] Undefined index: s D:\WWW\PSD1705\folder\09-ThickPhp\Application\Runtime\Cache\Home\aca8b289ff6c2c7180f304ffd37940b8.php 第 8 行.
NOTIC: [8] Undefined index: s D:\WWW\PSD1705\folder\09-ThickPhp\Application\Runtime\Cache\Home\aca8b289ff6c2c7180f304ffd37940b8.php 第 25 行.
NOTIC: [8] Undefined index: s D:\WWW\PSD1705\folder\09-ThickPhp\Application\Runtime\Cache\Home\aca8b289ff6c2c7180f304ffd37940b8.php 第 25 行.
INFO: Run Behavior\ParseTemplateBehavior [ RunTime:0.014000s ]
INFO: [ view_parse ] --END-- [ RunTime:0.014000s ]
INFO: [ view_filter ] --START--
INFO: Run Behavior\WriteHtmlCacheBehavior [ RunTime:0.001000s ]
INFO: [ view_filter ] --END-- [ RunTime:0.001000s ]
INFO: [ app_end ] --START--
INFO: Run Behavior\ShowPageTraceBehavior [ RunTime:0.000000s ]
INFO: [ app_end ] --END-- [ RunTime:0.001000s ]

[ 2017-08-18T15:51:58+08:00 ] ::1 /PSD1705/folder/09-ThickPhp/index.php/Home/News/detail/id/2
INFO: [ app_init ] --START--
INFO: Run Behavior\BuildLiteBehavior [ RunTime:0.000000s ]
INFO: [ app_init ] --END-- [ RunTime:0.001000s ]
INFO: [ app_begin ] --START--
INFO: Run Behavior\ReadHtmlCacheBehavior [ RunTime:0.000000s ]
INFO: [ app_begin ] --END-- [ RunTime:0.000000s ]
SQL: SHOW COLUMNS FROM `ntype` [ RunTime:0.0090s ]
SQL: SELECT * FROM `ntype`  [ RunTime:0.0000s ]
SQL: SHOW COLUMNS FROM `news` [ RunTime:0.0090s ]
SQL: SELECT * FROM `news` WHERE ( id=2 ) LIMIT 1   [ RunTime:0.0010s ]
INFO: [ view_parse ] --START--
INFO: [ template_filter ] --START--
INFO: Run Behavior\ContentReplaceBehavior [ RunTime:0.000000s ]
INFO: [ template_filter ] --END-- [ RunTime:0.001000s ]
NOTIC: [8] Undefined index: s D:\WWW\PSD1705\folder\09-ThickPhp\Application\Runtime\Cache\Home\aca8b289ff6c2c7180f304ffd37940b8.php 第 8 行.
NOTIC: [8] Undefined index: s D:\WWW\PSD1705\folder\09-ThickPhp\Application\Runtime\Cache\Home\aca8b289ff6c2c7180f304ffd37940b8.php 第 25 行.
NOTIC: [8] Undefined index: s D:\WWW\PSD1705\folder\09-ThickPhp\Application\Runtime\Cache\Home\aca8b289ff6c2c7180f304ffd37940b8.php 第 25 行.
INFO: Run Behavior\ParseTemplateBehavior [ RunTime:0.028000s ]
INFO: [ view_parse ] --END-- [ RunTime:0.028000s ]
INFO: [ view_filter ] --START--
INFO: Run Behavior\WriteHtmlCacheBehavior [ RunTime:0.000000s ]
INFO: [ view_filter ] --END-- [ RunTime:0.000000s ]
INFO: [ app_end ] --START--
INFO: Run Behavior\ShowPageTraceBehavior [ RunTime:0.001000s ]
INFO: [ app_end ] --END-- [ RunTime:0.001000s ]

[ 2017-08-18T15:52:07+08:00 ] ::1 /PSD1705/folder/09-ThickPhp/index.php/Home/News/tongji
INFO: [ app_init ] --START--
INFO: Run Behavior\BuildLiteBehavior [ RunTime:0.000000s ]
INFO: [ app_init ] --END-- [ RunTime:0.001000s ]
INFO: [ app_begin ] --START--
INFO: Run Behavior\ReadHtmlCacheBehavior [ RunTime:0.001000s ]
INFO: [ app_begin ] --END-- [ RunTime:0.001000s ]
SQL: SHOW COLUMNS FROM `ntype` [ RunTime:0.0090s ]
SQL: SELECT * FROM `ntype`  [ RunTime:0.0000s ]
SQL: SHOW COLUMNS FROM `news` [ RunTime:0.0090s ]
SQL: SELECT n.type,count(*) as num,t.tname FROM news n INNER JOIN ntype as t on n.type=t.id  GROUP BY n.type HAVING num>5  [ RunTime:0.0380s ]
INFO: [ view_parse ] --START--
INFO: [ template_filter ] --START--
INFO: Run Behavior\ContentReplaceBehavior [ RunTime:0.000000s ]
INFO: [ template_filter ] --END-- [ RunTime:0.000000s ]
INFO: Run Behavior\ParseTemplateBehavior [ RunTime:0.008000s ]
INFO: [ view_parse ] --END-- [ RunTime:0.008000s ]
INFO: [ view_filter ] --START--
INFO: Run Behavior\WriteHtmlCacheBehavior [ RunTime:0.000000s ]
INFO: [ view_filter ] --END-- [ RunTime:0.000000s ]
INFO: [ app_end ] --START--
INFO: Run Behavior\ShowPageTraceBehavior [ RunTime:0.001000s ]
INFO: [ app_end ] --END-- [ RunTime:0.001000s ]

[ 2017-08-18T15:52:21+08:00 ] ::1 /PSD1705/folder/09-ThickPhp/index.php/Home/News/listern/tid/2
INFO: [ app_init ] --START--
INFO: Run Behavior\BuildLiteBehavior [ RunTime:0.000000s ]
INFO: [ app_init ] --END-- [ RunTime:0.001000s ]
INFO: [ app_begin ] --START--
INFO: Run Behavior\ReadHtmlCacheBehavior [ RunTime:0.001000s ]
INFO: [ app_begin ] --END-- [ RunTime:0.001000s ]
SQL: SHOW COLUMNS FROM `ntype` [ RunTime:0.0090s ]
SQL: SELECT * FROM `ntype`  [ RunTime:0.0000s ]
SQL: SHOW COLUMNS FROM `news` [ RunTime:0.0080s ]
SQL: SELECT n.id,n.title,t.tname FROM news n INNER JOIN ntype t on n.type=t.id  WHERE ( n.type=2 ) ORDER BY id desc LIMIT 0,5   [ RunTime:0.0000s ]
INFO: [ view_parse ] --START--
INFO: [ template_filter ] --START--
INFO: Run Behavior\ContentReplaceBehavior [ RunTime:0.000000s ]
INFO: [ template_filter ] --END-- [ RunTime:0.000000s ]
NOTIC: [8] Undefined variable: a D:\WWW\PSD1705\folder\09-ThickPhp\Application\Runtime\Cache\Home\2efc7d58d3f4ce96c230ce50b6f3e362.php 第 24 行.
NOTIC: [8] Undefined index: addtime D:\WWW\PSD1705\folder\09-ThickPhp\Application\Runtime\Cache\Home\2efc7d58d3f4ce96c230ce50b6f3e362.php 第 30 行.
NOTIC: [8] Undefined index: addtime D:\WWW\PSD1705\folder\09-ThickPhp\Application\Runtime\Cache\Home\2efc7d58d3f4ce96c230ce50b6f3e362.php 第 30 行.
INFO: Run Behavior\ParseTemplateBehavior [ RunTime:0.011000s ]
INFO: [ view_parse ] --END-- [ RunTime:0.011000s ]
INFO: [ view_filter ] --START--
INFO: Run Behavior\WriteHtmlCacheBehavior [ RunTime:0.001000s ]
INFO: [ view_filter ] --END-- [ RunTime:0.001000s ]
INFO: [ app_end ] --START--
INFO: Run Behavior\ShowPageTraceBehavior [ RunTime:0.001000s ]
INFO: [ app_end ] --END-- [ RunTime:0.001000s ]

[ 2017-08-18T15:54:19+08:00 ] ::1 /PSD1705/folder/09-ThickPhp/index.php/Home/News/listern/tid/2
INFO: [ app_init ] --START--
INFO: Run Behavior\BuildLiteBehavior [ RunTime:0.000000s ]
INFO: [ app_init ] --END-- [ RunTime:0.001000s ]
INFO: [ app_begin ] --START--
INFO: Run Behavior\ReadHtmlCacheBehavior [ RunTime:0.001000s ]
INFO: [ app_begin ] --END-- [ RunTime:0.001000s ]
SQL: SHOW COLUMNS FROM `ntype` [ RunTime:0.0100s ]
SQL: SELECT * FROM `ntype`  [ RunTime:0.0010s ]
SQL: SHOW COLUMNS FROM `news` [ RunTime:0.0110s ]
SQL: SELECT n.id,n.title,t.tname FROM news n INNER JOIN ntype t on n.type=t.id  WHERE ( n.type=2 ) ORDER BY id desc LIMIT 0,5   [ RunTime:0.0010s ]
INFO: [ view_parse ] --START--
INFO: [ template_filter ] --START--
INFO: Run Behavior\ContentReplaceBehavior [ RunTime:0.000000s ]
INFO: [ template_filter ] --END-- [ RunTime:0.000000s ]
NOTIC: [8] Undefined variable: a D:\WWW\PSD1705\folder\09-ThickPhp\Application\Runtime\Cache\Home\2efc7d58d3f4ce96c230ce50b6f3e362.php 第 24 行.
NOTIC: [8] Undefined index: addtime D:\WWW\PSD1705\folder\09-ThickPhp\Application\Runtime\Cache\Home\2efc7d58d3f4ce96c230ce50b6f3e362.php 第 30 行.
NOTIC: [8] Undefined index: addtime D:\WWW\PSD1705\folder\09-ThickPhp\Application\Runtime\Cache\Home\2efc7d58d3f4ce96c230ce50b6f3e362.php 第 30 行.
INFO: Run Behavior\ParseTemplateBehavior [ RunTime:0.018000s ]
INFO: [ view_parse ] --END-- [ RunTime:0.018000s ]
INFO: [ view_filter ] --START--
INFO: Run Behavior\WriteHtmlCacheBehavior [ RunTime:0.000000s ]
INFO: [ view_filter ] --END-- [ RunTime:0.000000s ]
INFO: [ app_end ] --START--
INFO: Run Behavior\ShowPageTraceBehavior [ RunTime:0.001000s ]
INFO: [ app_end ] --END-- [ RunTime:0.001000s ]

[ 2017-08-18T15:54:22+08:00 ] ::1 /PSD1705/folder/09-ThickPhp/index.php/Home/News/listern/tid/8
INFO: [ app_init ] --START--
INFO: Run Behavior\BuildLiteBehavior [ RunTime:0.000000s ]
INFO: [ app_init ] --END-- [ RunTime:0.000000s ]
INFO: [ app_begin ] --START--
INFO: Run Behavior\ReadHtmlCacheBehavior [ RunTime:0.000000s ]
INFO: [ app_begin ] --END-- [ RunTime:0.000000s ]
SQL: SHOW COLUMNS FROM `ntype` [ RunTime:0.0130s ]
SQL: SELECT * FROM `ntype`  [ RunTime:0.0010s ]
SQL: SHOW COLUMNS FROM `news` [ RunTime:0.0120s ]
SQL: SELECT n.id,n.title,t.tname FROM news n INNER JOIN ntype t on n.type=t.id  WHERE ( n.type=8 ) ORDER BY id desc LIMIT 0,5   [ RunTime:0.0010s ]
INFO: [ view_parse ] --START--
INFO: [ template_filter ] --START--
INFO: Run Behavior\ContentReplaceBehavior [ RunTime:0.000000s ]
INFO: [ template_filter ] --END-- [ RunTime:0.000000s ]
NOTIC: [8] Undefined variable: a D:\WWW\PSD1705\folder\09-ThickPhp\Application\Runtime\Cache\Home\2efc7d58d3f4ce96c230ce50b6f3e362.php 第 24 行.
NOTIC: [8] Undefined index: addtime D:\WWW\PSD1705\folder\09-ThickPhp\Application\Runtime\Cache\Home\2efc7d58d3f4ce96c230ce50b6f3e362.php 第 30 行.
INFO: Run Behavior\ParseTemplateBehavior [ RunTime:0.010000s ]
INFO: [ view_parse ] --END-- [ RunTime:0.010000s ]
INFO: [ view_filter ] --START--
INFO: Run Behavior\WriteHtmlCacheBehavior [ RunTime:0.001000s ]
INFO: [ view_filter ] --END-- [ RunTime:0.002000s ]
INFO: [ app_end ] --START--
INFO: Run Behavior\ShowPageTraceBehavior [ RunTime:0.001000s ]
INFO: [ app_end ] --END-- [ RunTime:0.001000s ]

[ 2017-08-18T15:54:24+08:00 ] ::1 /PSD1705/folder/09-ThickPhp/index.php/Home/News/listern/tid/1
INFO: [ app_init ] --START--
INFO: Run Behavior\BuildLiteBehavior [ RunTime:0.000000s ]
INFO: [ app_init ] --END-- [ RunTime:0.000000s ]
INFO: [ app_begin ] --START--
INFO: Run Behavior\ReadHtmlCacheBehavior [ RunTime:0.001000s ]
INFO: [ app_begin ] --END-- [ RunTime:0.001000s ]
SQL: SHOW COLUMNS FROM `ntype` [ RunTime:0.0100s ]
SQL: SELECT * FROM `ntype`  [ RunTime:0.0010s ]
SQL: SHOW COLUMNS FROM `news` [ RunTime:0.0110s ]
SQL: SELECT n.id,n.title,t.tname FROM news n INNER JOIN ntype t on n.type=t.id  WHERE ( n.type=1 ) ORDER BY id desc LIMIT 0,5   [ RunTime:0.0010s ]
INFO: [ view_parse ] --START--
INFO: [ template_filter ] --START--
INFO: Run Behavior\ContentReplaceBehavior [ RunTime:0.000000s ]
INFO: [ template_filter ] --END-- [ RunTime:0.000000s ]
NOTIC: [8] Undefined variable: a D:\WWW\PSD1705\folder\09-ThickPhp\Application\Runtime\Cache\Home\2efc7d58d3f4ce96c230ce50b6f3e362.php 第 24 行.
NOTIC: [8] Undefined index: addtime D:\WWW\PSD1705\folder\09-ThickPhp\Application\Runtime\Cache\Home\2efc7d58d3f4ce96c230ce50b6f3e362.php 第 30 行.
NOTIC: [8] Undefined index: addtime D:\WWW\PSD1705\folder\09-ThickPhp\Application\Runtime\Cache\Home\2efc7d58d3f4ce96c230ce50b6f3e362.php 第 30 行.
NOTIC: [8] Undefined index: addtime D:\WWW\PSD1705\folder\09-ThickPhp\Application\Runtime\Cache\Home\2efc7d58d3f4ce96c230ce50b6f3e362.php 第 30 行.
NOTIC: [8] Undefined index: addtime D:\WWW\PSD1705\folder\09-ThickPhp\Application\Runtime\Cache\Home\2efc7d58d3f4ce96c230ce50b6f3e362.php 第 30 行.
NOTIC: [8] Undefined index: addtime D:\WWW\PSD1705\folder\09-ThickPhp\Application\Runtime\Cache\Home\2efc7d58d3f4ce96c230ce50b6f3e362.php 第 30 行.
INFO: Run Behavior\ParseTemplateBehavior [ RunTime:0.015000s ]
INFO: [ view_parse ] --END-- [ RunTime:0.015000s ]
INFO: [ view_filter ] --START--
INFO: Run Behavior\WriteHtmlCacheBehavior [ RunTime:0.000000s ]
INFO: [ view_filter ] --END-- [ RunTime:0.000000s ]
INFO: [ app_end ] --START--
INFO: Run Behavior\ShowPageTraceBehavior [ RunTime:0.001000s ]
INFO: [ app_end ] --END-- [ RunTime:0.001000s ]

[ 2017-08-18T15:54:28+08:00 ] ::1 /PSD1705/folder/09-ThickPhp/index.php/Home/News/detail/id/30
INFO: [ app_init ] --START--
INFO: Run Behavior\BuildLiteBehavior [ RunTime:0.000000s ]
INFO: [ app_init ] --END-- [ RunTime:0.001000s ]
INFO: [ app_begin ] --START--
INFO: Run Behavior\ReadHtmlCacheBehavior [ RunTime:0.000000s ]
INFO: [ app_begin ] --END-- [ RunTime:0.000000s ]
SQL: SHOW COLUMNS FROM `ntype` [ RunTime:0.0080s ]
SQL: SELECT * FROM `ntype`  [ RunTime:0.0020s ]
SQL: SHOW COLUMNS FROM `news` [ RunTime:0.0080s ]
SQL: SELECT * FROM `news` WHERE ( id=30 ) LIMIT 1   [ RunTime:0.0000s ]
INFO: [ view_parse ] --START--
INFO: [ template_filter ] --START--
INFO: Run Behavior\ContentReplaceBehavior [ RunTime:0.000000s ]
INFO: [ template_filter ] --END-- [ RunTime:0.000000s ]
NOTIC: [8] Undefined index: s D:\WWW\PSD1705\folder\09-ThickPhp\Application\Runtime\Cache\Home\aca8b289ff6c2c7180f304ffd37940b8.php 第 8 行.
NOTIC: [8] Undefined index: s D:\WWW\PSD1705\folder\09-ThickPhp\Application\Runtime\Cache\Home\aca8b289ff6c2c7180f304ffd37940b8.php 第 25 行.
NOTIC: [8] Undefined index: s D:\WWW\PSD1705\folder\09-ThickPhp\Application\Runtime\Cache\Home\aca8b289ff6c2c7180f304ffd37940b8.php 第 25 行.
INFO: Run Behavior\ParseTemplateBehavior [ RunTime:0.008000s ]
INFO: [ view_parse ] --END-- [ RunTime:0.008000s ]
INFO: [ view_filter ] --START--
INFO: Run Behavior\WriteHtmlCacheBehavior [ RunTime:0.001000s ]
INFO: [ view_filter ] --END-- [ RunTime:0.001000s ]
INFO: [ app_end ] --START--
INFO: Run Behavior\ShowPageTraceBehavior [ RunTime:0.001000s ]
INFO: [ app_end ] --END-- [ RunTime:0.001000s ]

