[ 2017-08-22T19:30:09+08:00 ] ::1 /PSD1705/folder/09-ThickPhp/index.php?__hbt=1503401409091
INFO: [ app_init ] --START--
INFO: Run Behavior\BuildLiteBehavior [ RunTime:0.000000s ]
INFO: [ app_init ] --END-- [ RunTime:0.002000s ]
INFO: [ app_begin ] --START--
INFO: Run Behavior\ReadHtmlCacheBehavior [ RunTime:0.001000s ]
INFO: [ app_begin ] --END-- [ RunTime:0.001000s ]
INFO: [ view_parse ] --START--
INFO: [ template_filter ] --START--
INFO: Run Behavior\ContentReplaceBehavior [ RunTime:0.000000s ]
INFO: [ template_filter ] --END-- [ RunTime:0.000000s ]
INFO: Run Behavior\ParseTemplateBehavior [ RunTime:0.018000s ]
INFO: [ view_parse ] --END-- [ RunTime:0.018000s ]
INFO: [ view_filter ] --START--
INFO: Run Behavior\WriteHtmlCacheBehavior [ RunTime:0.000000s ]
INFO: [ view_filter ] --END-- [ RunTime:0.000000s ]
INFO: [ app_end ] --START--
INFO: Run Behavior\ShowPageTraceBehavior [ RunTime:0.001000s ]
INFO: [ app_end ] --END-- [ RunTime:0.001000s ]

[ 2017-08-22T19:30:33+08:00 ] ::1 /PSD1705/folder/09-ThickPhp/index.php/Home/Verify/show/
INFO: [ app_init ] --START--
INFO: Run Behavior\BuildLiteBehavior [ RunTime:0.000000s ]
INFO: [ app_init ] --END-- [ RunTime:0.000000s ]
INFO: [ app_begin ] --START--
INFO: Run Behavior\ReadHtmlCacheBehavior [ RunTime:0.001000s ]
INFO: [ app_begin ] --END-- [ RunTime:0.001000s ]
NOTIC: [2048] Declaration of Home\Controller\verifyController::show() should be compatible with Think\Controller::show($content, $charset = '', $contentType = '', $prefix = '') D:\WWW\PSD1705\folder\09-ThickPhp\Application\Home\Controller\VerifyController.class.php 第 11 行.
INFO: [ app_end ] --START--
INFO: Run Behavior\ShowPageTraceBehavior [ RunTime:0.001000s ]
INFO: [ app_end ] --END-- [ RunTime:0.001000s ]

[ 2017-08-22T19:30:43+08:00 ] ::1 /PSD1705/folder/09-ThickPhp/index.php/Home/Verify/show/s0.5958092263675376
INFO: [ app_init ] --START--
INFO: Run Behavior\BuildLiteBehavior [ RunTime:0.000000s ]
INFO: [ app_init ] --END-- [ RunTime:0.001000s ]
INFO: [ app_begin ] --START--
INFO: Run Behavior\ReadHtmlCacheBehavior [ RunTime:0.000000s ]
INFO: [ app_begin ] --END-- [ RunTime:0.001000s ]
NOTIC: [2048] Declaration of Home\Controller\verifyController::show() should be compatible with Think\Controller::show($content, $charset = '', $contentType = '', $prefix = '') D:\WWW\PSD1705\folder\09-ThickPhp\Application\Home\Controller\VerifyController.class.php 第 11 行.
INFO: [ app_end ] --START--
INFO: Run Behavior\ShowPageTraceBehavior [ RunTime:0.001000s ]
INFO: [ app_end ] --END-- [ RunTime:0.001000s ]

[ 2017-08-22T19:30:44+08:00 ] ::1 /PSD1705/folder/09-ThickPhp/index.php/Home/Verify/show/s0.25088332518510903
INFO: [ app_init ] --START--
INFO: Run Behavior\BuildLiteBehavior [ RunTime:0.000000s ]
INFO: [ app_init ] --END-- [ RunTime:0.001000s ]
INFO: [ app_begin ] --START--
INFO: Run Behavior\ReadHtmlCacheBehavior [ RunTime:0.001000s ]
INFO: [ app_begin ] --END-- [ RunTime:0.001000s ]
NOTIC: [2048] Declaration of Home\Controller\verifyController::show() should be compatible with Think\Controller::show($content, $charset = '', $contentType = '', $prefix = '') D:\WWW\PSD1705\folder\09-ThickPhp\Application\Home\Controller\VerifyController.class.php 第 11 行.
INFO: [ app_end ] --START--
INFO: Run Behavior\ShowPageTraceBehavior [ RunTime:0.001000s ]
INFO: [ app_end ] --END-- [ RunTime:0.001000s ]

[ 2017-08-22T20:02:18+08:00 ] ::1 /PSD1705/folder/09-ThickPhp/index.php?__hbt=1503403337301
INFO: [ app_init ] --START--
INFO: Run Behavior\BuildLiteBehavior [ RunTime:0.000000s ]
INFO: [ app_init ] --END-- [ RunTime:0.001000s ]
INFO: [ app_begin ] --START--
INFO: Run Behavior\ReadHtmlCacheBehavior [ RunTime:0.001000s ]
INFO: [ app_begin ] --END-- [ RunTime:0.001000s ]
INFO: [ view_parse ] --START--
INFO: [ template_filter ] --START--
INFO: Run Behavior\ContentReplaceBehavior [ RunTime:0.000000s ]
INFO: [ template_filter ] --END-- [ RunTime:0.001000s ]
INFO: Run Behavior\ParseTemplateBehavior [ RunTime:0.035000s ]
INFO: [ view_parse ] --END-- [ RunTime:0.035000s ]
INFO: [ view_filter ] --START--
INFO: Run Behavior\WriteHtmlCacheBehavior [ RunTime:0.000000s ]
INFO: [ view_filter ] --END-- [ RunTime:0.000000s ]
INFO: [ app_end ] --START--
INFO: Run Behavior\ShowPageTraceBehavior [ RunTime:0.001000s ]
INFO: [ app_end ] --END-- [ RunTime:0.001000s ]

[ 2017-08-22T20:02:29+08:00 ] ::1 /PSD1705/folder/09-ThickPhp/index.php/Home/Verify/show
INFO: [ app_init ] --START--
INFO: Run Behavior\BuildLiteBehavior [ RunTime:0.000000s ]
INFO: [ app_init ] --END-- [ RunTime:0.001000s ]
INFO: [ app_begin ] --START--
INFO: Run Behavior\ReadHtmlCacheBehavior [ RunTime:0.001000s ]
INFO: [ app_begin ] --END-- [ RunTime:0.001000s ]
NOTIC: [2048] Declaration of Home\Controller\verifyController::show() should be compatible with Think\Controller::show($content, $charset = '', $contentType = '', $prefix = '') D:\WWW\PSD1705\folder\09-ThickPhp\Application\Home\Controller\VerifyController.class.php 第 11 行.
INFO: [ app_end ] --START--
INFO: Run Behavior\ShowPageTraceBehavior [ RunTime:0.000000s ]
INFO: [ app_end ] --END-- [ RunTime:0.000000s ]

[ 2017-08-22T20:02:40+08:00 ] ::1 /PSD1705/folder/09-ThickPhp/index.php/Home/Verify/show
INFO: [ app_init ] --START--
INFO: Run Behavior\BuildLiteBehavior [ RunTime:0.000000s ]
INFO: [ app_init ] --END-- [ RunTime:0.000000s ]
INFO: [ app_begin ] --START--
INFO: Run Behavior\ReadHtmlCacheBehavior [ RunTime:0.000000s ]
INFO: [ app_begin ] --END-- [ RunTime:0.000000s ]
NOTIC: [2048] Declaration of Home\Controller\verifyController::show() should be compatible with Think\Controller::show($content, $charset = '', $contentType = '', $prefix = '') D:\WWW\PSD1705\folder\09-ThickPhp\Application\Home\Controller\VerifyController.class.php 第 11 行.
INFO: [ app_end ] --START--
INFO: Run Behavior\ShowPageTraceBehavior [ RunTime:0.002000s ]
INFO: [ app_end ] --END-- [ RunTime:0.002000s ]

[ 2017-08-22T20:02:50+08:00 ] ::1 /PSD1705/folder/09-ThickPhp/index.php/Home/Verify/show
INFO: [ app_init ] --START--
INFO: Run Behavior\BuildLiteBehavior [ RunTime:0.000000s ]
INFO: [ app_init ] --END-- [ RunTime:0.000000s ]
INFO: [ app_begin ] --START--
INFO: Run Behavior\ReadHtmlCacheBehavior [ RunTime:0.000000s ]
INFO: [ app_begin ] --END-- [ RunTime:0.000000s ]
NOTIC: [2048] Declaration of Home\Controller\verifyController::show() should be compatible with Think\Controller::show($content, $charset = '', $contentType = '', $prefix = '') D:\WWW\PSD1705\folder\09-ThickPhp\Application\Home\Controller\VerifyController.class.php 第 11 行.
INFO: [ app_end ] --START--
INFO: Run Behavior\ShowPageTraceBehavior [ RunTime:0.001000s ]
INFO: [ app_end ] --END-- [ RunTime:0.001000s ]

[ 2017-08-22T20:25:46+08:00 ] ::1 /PSD1705/folder/09-ThickPhp/index.php/Home/News/listern
INFO: [ app_init ] --START--
INFO: Run Behavior\BuildLiteBehavior [ RunTime:0.000000s ]
INFO: [ app_init ] --END-- [ RunTime:0.001000s ]
INFO: [ app_begin ] --START--
INFO: Run Behavior\ReadHtmlCacheBehavior [ RunTime:0.000000s ]
INFO: [ app_begin ] --END-- [ RunTime:0.000000s ]
INFO: [ view_parse ] --START--
INFO: [ template_filter ] --START--
INFO: Run Behavior\ContentReplaceBehavior [ RunTime:0.000000s ]
INFO: [ template_filter ] --END-- [ RunTime:0.000000s ]
NOTIC: [8] Undefined variable: a D:\WWW\PSD1705\folder\09-ThickPhp\Application\Runtime\Cache\Home\2efc7d58d3f4ce96c230ce50b6f3e362.php 第 47 行.
NOTIC: [8] Undefined variable: arr D:\WWW\PSD1705\folder\09-ThickPhp\Application\Runtime\Cache\Home\2efc7d58d3f4ce96c230ce50b6f3e362.php 第 49 行.
NOTIC: [8] Undefined variable: pageStr D:\WWW\PSD1705\folder\09-ThickPhp\Application\Runtime\Cache\Home\2efc7d58d3f4ce96c230ce50b6f3e362.php 第 56 行.
INFO: Run Behavior\ParseTemplateBehavior [ RunTime:0.007000s ]
INFO: [ view_parse ] --END-- [ RunTime:0.007000s ]
INFO: [ view_filter ] --START--
INFO: Run Behavior\WriteHtmlCacheBehavior [ RunTime:0.001000s ]
INFO: [ view_filter ] --END-- [ RunTime:0.001000s ]
INFO: [ app_end ] --START--
INFO: Run Behavior\ShowPageTraceBehavior [ RunTime:0.001000s ]
INFO: [ app_end ] --END-- [ RunTime:0.001000s ]

[ 2017-08-22T20:25:50+08:00 ] ::1 /PSD1705/folder/09-ThickPhp/index.php/Home/News/tongji
INFO: [ app_init ] --START--
INFO: Run Behavior\BuildLiteBehavior [ RunTime:0.000000s ]
INFO: [ app_init ] --END-- [ RunTime:0.001000s ]
INFO: [ app_begin ] --START--
INFO: Run Behavior\ReadHtmlCacheBehavior [ RunTime:0.001000s ]
INFO: [ app_begin ] --END-- [ RunTime:0.001000s ]
SQL: SHOW COLUMNS FROM `news` [ RunTime:0.0080s ]
SQL: SELECT n.type,count(*) as num,t.tname FROM news n INNER JOIN ntype as t on n.type=t.id  GROUP BY n.type HAVING num>=8  [ RunTime:0.0010s ]
INFO: [ view_parse ] --START--
INFO: [ template_filter ] --START--
INFO: Run Behavior\ContentReplaceBehavior [ RunTime:0.000000s ]
INFO: [ template_filter ] --END-- [ RunTime:0.000000s ]
INFO: Run Behavior\ParseTemplateBehavior [ RunTime:0.013000s ]
INFO: [ view_parse ] --END-- [ RunTime:0.013000s ]
INFO: [ view_filter ] --START--
INFO: Run Behavior\WriteHtmlCacheBehavior [ RunTime:0.001000s ]
INFO: [ view_filter ] --END-- [ RunTime:0.001000s ]
INFO: [ app_end ] --START--
INFO: Run Behavior\ShowPageTraceBehavior [ RunTime:0.001000s ]
INFO: [ app_end ] --END-- [ RunTime:0.001000s ]

[ 2017-08-22T20:27:20+08:00 ] ::1 /PSD1705/folder/09-ThickPhp/index.php/Home/News/lister
INFO: [ app_init ] --START--
INFO: Run Behavior\BuildLiteBehavior [ RunTime:0.000000s ]
INFO: [ app_init ] --END-- [ RunTime:0.001000s ]
INFO: [ app_begin ] --START--
INFO: Run Behavior\ReadHtmlCacheBehavior [ RunTime:0.002000s ]
INFO: [ app_begin ] --END-- [ RunTime:0.002000s ]
SQL: SHOW COLUMNS FROM `news` [ RunTime:0.0090s ]
SQL: SELECT COUNT(*) AS tp_count FROM news n LIMIT 1   [ RunTime:0.0010s ]
SQL: SELECT n.id,n.title,t.tname FROM news n INNER JOIN ntype t on n.type=t.id  ORDER BY id desc LIMIT 0,5   [ RunTime:0.0010s ]
INFO: [ view_parse ] --START--
INFO: [ template_filter ] --START--
INFO: Run Behavior\ContentReplaceBehavior [ RunTime:0.000000s ]
INFO: [ template_filter ] --END-- [ RunTime:0.000000s ]
NOTIC: [8] Undefined variable: a D:\WWW\PSD1705\folder\09-ThickPhp\Application\Runtime\Cache\Home\2efc7d58d3f4ce96c230ce50b6f3e362.php 第 47 行.
NOTIC: [8] Undefined index: addtime D:\WWW\PSD1705\folder\09-ThickPhp\Application\Runtime\Cache\Home\2efc7d58d3f4ce96c230ce50b6f3e362.php 第 53 行.
NOTIC: [8] Undefined index: addtime D:\WWW\PSD1705\folder\09-ThickPhp\Application\Runtime\Cache\Home\2efc7d58d3f4ce96c230ce50b6f3e362.php 第 53 行.
NOTIC: [8] Undefined index: addtime D:\WWW\PSD1705\folder\09-ThickPhp\Application\Runtime\Cache\Home\2efc7d58d3f4ce96c230ce50b6f3e362.php 第 53 行.
NOTIC: [8] Undefined index: addtime D:\WWW\PSD1705\folder\09-ThickPhp\Application\Runtime\Cache\Home\2efc7d58d3f4ce96c230ce50b6f3e362.php 第 53 行.
NOTIC: [8] Undefined index: addtime D:\WWW\PSD1705\folder\09-ThickPhp\Application\Runtime\Cache\Home\2efc7d58d3f4ce96c230ce50b6f3e362.php 第 53 行.
INFO: Run Behavior\ParseTemplateBehavior [ RunTime:0.025000s ]
INFO: [ view_parse ] --END-- [ RunTime:0.025000s ]
INFO: [ view_filter ] --START--
INFO: Run Behavior\WriteHtmlCacheBehavior [ RunTime:0.000000s ]
INFO: [ view_filter ] --END-- [ RunTime:0.000000s ]
INFO: [ app_end ] --START--
INFO: Run Behavior\ShowPageTraceBehavior [ RunTime:0.001000s ]
INFO: [ app_end ] --END-- [ RunTime:0.001000s ]

[ 2017-08-22T20:28:46+08:00 ] ::1 /PSD1705/folder/09-ThickPhp/index.php/Home/News/lister
INFO: [ app_init ] --START--
INFO: Run Behavior\BuildLiteBehavior [ RunTime:0.000000s ]
INFO: [ app_init ] --END-- [ RunTime:0.001000s ]
INFO: [ app_begin ] --START--
INFO: Run Behavior\ReadHtmlCacheBehavior [ RunTime:0.001000s ]
INFO: [ app_begin ] --END-- [ RunTime:0.001000s ]
SQL: SHOW COLUMNS FROM `news` [ RunTime:0.0090s ]
SQL: SELECT COUNT(*) AS tp_count FROM news n LIMIT 1   [ RunTime:0.0000s ]
SQL: SELECT n.id,n.title,t.tname FROM news n INNER JOIN ntype t on n.type=t.id  ORDER BY id desc LIMIT 0,5   [ RunTime:0.0000s ]
INFO: [ view_parse ] --START--
INFO: [ template_filter ] --START--
INFO: Run Behavior\ContentReplaceBehavior [ RunTime:0.000000s ]
INFO: [ template_filter ] --END-- [ RunTime:0.000000s ]
NOTIC: [8] Undefined variable: a D:\WWW\PSD1705\folder\09-ThickPhp\Application\Runtime\Cache\Home\2efc7d58d3f4ce96c230ce50b6f3e362.php 第 47 行.
NOTIC: [8] Undefined index: addtime D:\WWW\PSD1705\folder\09-ThickPhp\Application\Runtime\Cache\Home\2efc7d58d3f4ce96c230ce50b6f3e362.php 第 53 行.
NOTIC: [8] Undefined index: addtime D:\WWW\PSD1705\folder\09-ThickPhp\Application\Runtime\Cache\Home\2efc7d58d3f4ce96c230ce50b6f3e362.php 第 53 行.
NOTIC: [8] Undefined index: addtime D:\WWW\PSD1705\folder\09-ThickPhp\Application\Runtime\Cache\Home\2efc7d58d3f4ce96c230ce50b6f3e362.php 第 53 行.
NOTIC: [8] Undefined index: addtime D:\WWW\PSD1705\folder\09-ThickPhp\Application\Runtime\Cache\Home\2efc7d58d3f4ce96c230ce50b6f3e362.php 第 53 行.
NOTIC: [8] Undefined index: addtime D:\WWW\PSD1705\folder\09-ThickPhp\Application\Runtime\Cache\Home\2efc7d58d3f4ce96c230ce50b6f3e362.php 第 53 行.
INFO: Run Behavior\ParseTemplateBehavior [ RunTime:0.018000s ]
INFO: [ view_parse ] --END-- [ RunTime:0.018000s ]
INFO: [ view_filter ] --START--
INFO: Run Behavior\WriteHtmlCacheBehavior [ RunTime:0.001000s ]
INFO: [ view_filter ] --END-- [ RunTime:0.001000s ]
INFO: [ app_end ] --START--
INFO: Run Behavior\ShowPageTraceBehavior [ RunTime:0.002000s ]
INFO: [ app_end ] --END-- [ RunTime:0.002000s ]

[ 2017-08-22T20:28:50+08:00 ] ::1 /PSD1705/folder/09-ThickPhp/index.php/Home/News/lister
INFO: [ app_init ] --START--
INFO: Run Behavior\BuildLiteBehavior [ RunTime:0.000000s ]
INFO: [ app_init ] --END-- [ RunTime:0.000000s ]
INFO: [ app_begin ] --START--
INFO: Run Behavior\ReadHtmlCacheBehavior [ RunTime:0.001000s ]
INFO: [ app_begin ] --END-- [ RunTime:0.001000s ]
SQL: SHOW COLUMNS FROM `news` [ RunTime:0.0110s ]
SQL: SELECT COUNT(*) AS tp_count FROM news n LIMIT 1   [ RunTime:0.0010s ]
SQL: SELECT n.id,n.title,t.tname FROM news n INNER JOIN ntype t on n.type=t.id  ORDER BY id desc LIMIT 0,5   [ RunTime:0.0010s ]
INFO: [ view_parse ] --START--
INFO: [ template_filter ] --START--
INFO: Run Behavior\ContentReplaceBehavior [ RunTime:0.000000s ]
INFO: [ template_filter ] --END-- [ RunTime:0.000000s ]
NOTIC: [8] Undefined variable: a D:\WWW\PSD1705\folder\09-ThickPhp\Application\Runtime\Cache\Home\2efc7d58d3f4ce96c230ce50b6f3e362.php 第 47 行.
NOTIC: [8] Undefined index: addtime D:\WWW\PSD1705\folder\09-ThickPhp\Application\Runtime\Cache\Home\2efc7d58d3f4ce96c230ce50b6f3e362.php 第 53 行.
NOTIC: [8] Undefined index: addtime D:\WWW\PSD1705\folder\09-ThickPhp\Application\Runtime\Cache\Home\2efc7d58d3f4ce96c230ce50b6f3e362.php 第 53 行.
NOTIC: [8] Undefined index: addtime D:\WWW\PSD1705\folder\09-ThickPhp\Application\Runtime\Cache\Home\2efc7d58d3f4ce96c230ce50b6f3e362.php 第 53 行.
NOTIC: [8] Undefined index: addtime D:\WWW\PSD1705\folder\09-ThickPhp\Application\Runtime\Cache\Home\2efc7d58d3f4ce96c230ce50b6f3e362.php 第 53 行.
NOTIC: [8] Undefined index: addtime D:\WWW\PSD1705\folder\09-ThickPhp\Application\Runtime\Cache\Home\2efc7d58d3f4ce96c230ce50b6f3e362.php 第 53 行.
INFO: Run Behavior\ParseTemplateBehavior [ RunTime:0.013000s ]
INFO: [ view_parse ] --END-- [ RunTime:0.013000s ]
INFO: [ view_filter ] --START--
INFO: Run Behavior\WriteHtmlCacheBehavior [ RunTime:0.001000s ]
INFO: [ view_filter ] --END-- [ RunTime:0.001000s ]
INFO: [ app_end ] --START--
INFO: Run Behavior\ShowPageTraceBehavior [ RunTime:0.001000s ]
INFO: [ app_end ] --END-- [ RunTime:0.001000s ]

[ 2017-08-22T20:30:04+08:00 ] ::1 /PSD1705/folder/09-ThickPhp/index.php/Home/News/lister
INFO: [ app_init ] --START--
INFO: Run Behavior\BuildLiteBehavior [ RunTime:0.001000s ]
INFO: [ app_init ] --END-- [ RunTime:0.002000s ]
INFO: [ app_begin ] --START--
INFO: Run Behavior\ReadHtmlCacheBehavior [ RunTime:0.000000s ]
INFO: [ app_begin ] --END-- [ RunTime:0.001000s ]
ERR: 非法操作:lister

[ 2017-08-22T20:30:27+08:00 ] ::1 /PSD1705/folder/09-ThickPhp/index.php/Home/News/lister
INFO: [ app_init ] --START--
INFO: Run Behavior\BuildLiteBehavior [ RunTime:0.000000s ]
INFO: [ app_init ] --END-- [ RunTime:0.000000s ]
INFO: [ app_begin ] --START--
INFO: Run Behavior\ReadHtmlCacheBehavior [ RunTime:0.000000s ]
INFO: [ app_begin ] --END-- [ RunTime:0.000000s ]
ERR: 非法操作:lister

[ 2017-08-22T20:30:28+08:00 ] ::1 /PSD1705/folder/09-ThickPhp/index.php/Home/News/lister
INFO: [ app_init ] --START--
INFO: Run Behavior\BuildLiteBehavior [ RunTime:0.000000s ]
INFO: [ app_init ] --END-- [ RunTime:0.001000s ]
INFO: [ app_begin ] --START--
INFO: Run Behavior\ReadHtmlCacheBehavior [ RunTime:0.001000s ]
INFO: [ app_begin ] --END-- [ RunTime:0.001000s ]
ERR: 非法操作:lister

[ 2017-08-22T20:30:34+08:00 ] ::1 /PSD1705/folder/09-ThickPhp/index.php/Home/News/listern
INFO: [ app_init ] --START--
INFO: Run Behavior\BuildLiteBehavior [ RunTime:0.000000s ]
INFO: [ app_init ] --END-- [ RunTime:0.000000s ]
INFO: [ app_begin ] --START--
INFO: Run Behavior\ReadHtmlCacheBehavior [ RunTime:0.001000s ]
INFO: [ app_begin ] --END-- [ RunTime:0.001000s ]
SQL: SHOW COLUMNS FROM `news` [ RunTime:0.0090s ]
SQL: SELECT COUNT(*) AS tp_count FROM news n LIMIT 1   [ RunTime:0.0010s ]
SQL: SELECT n.id,n.title,t.tname FROM news n INNER JOIN ntype t on n.type=t.id  ORDER BY id desc LIMIT 0,5   [ RunTime:0.0000s ]
INFO: [ view_parse ] --START--
INFO: [ template_filter ] --START--
INFO: Run Behavior\ContentReplaceBehavior [ RunTime:0.000000s ]
INFO: [ template_filter ] --END-- [ RunTime:0.000000s ]
NOTIC: [8] Undefined variable: a D:\WWW\PSD1705\folder\09-ThickPhp\Application\Runtime\Cache\Home\2efc7d58d3f4ce96c230ce50b6f3e362.php 第 47 行.
NOTIC: [8] Undefined index: addtime D:\WWW\PSD1705\folder\09-ThickPhp\Application\Runtime\Cache\Home\2efc7d58d3f4ce96c230ce50b6f3e362.php 第 53 行.
NOTIC: [8] Undefined index: addtime D:\WWW\PSD1705\folder\09-ThickPhp\Application\Runtime\Cache\Home\2efc7d58d3f4ce96c230ce50b6f3e362.php 第 53 行.
NOTIC: [8] Undefined index: addtime D:\WWW\PSD1705\folder\09-ThickPhp\Application\Runtime\Cache\Home\2efc7d58d3f4ce96c230ce50b6f3e362.php 第 53 行.
NOTIC: [8] Undefined index: addtime D:\WWW\PSD1705\folder\09-ThickPhp\Application\Runtime\Cache\Home\2efc7d58d3f4ce96c230ce50b6f3e362.php 第 53 行.
NOTIC: [8] Undefined index: addtime D:\WWW\PSD1705\folder\09-ThickPhp\Application\Runtime\Cache\Home\2efc7d58d3f4ce96c230ce50b6f3e362.php 第 53 行.
INFO: Run Behavior\ParseTemplateBehavior [ RunTime:0.014000s ]
INFO: [ view_parse ] --END-- [ RunTime:0.014000s ]
INFO: [ view_filter ] --START--
INFO: Run Behavior\WriteHtmlCacheBehavior [ RunTime:0.000000s ]
INFO: [ view_filter ] --END-- [ RunTime:0.000000s ]
INFO: [ app_end ] --START--
INFO: Run Behavior\ShowPageTraceBehavior [ RunTime:0.001000s ]
INFO: [ app_end ] --END-- [ RunTime:0.001000s ]

[ 2017-08-22T20:30:49+08:00 ] ::1 /PSD1705/folder/09-ThickPhp/index.php/Home/News/listern
INFO: [ app_init ] --START--
INFO: Run Behavior\BuildLiteBehavior [ RunTime:0.001000s ]
INFO: [ app_init ] --END-- [ RunTime:0.001000s ]
INFO: [ app_begin ] --START--
INFO: Run Behavior\ReadHtmlCacheBehavior [ RunTime:0.001000s ]
INFO: [ app_begin ] --END-- [ RunTime:0.001000s ]
SQL: SHOW COLUMNS FROM `news` [ RunTime:0.0100s ]
SQL: SELECT COUNT(*) AS tp_count FROM news n LIMIT 1   [ RunTime:0.0010s ]
SQL: SELECT n.id,n.title,t.tname FROM news n INNER JOIN ntype t on n.type=t.id  ORDER BY id desc LIMIT 0,5   [ RunTime:0.0000s ]
INFO: [ view_parse ] --START--
INFO: [ template_filter ] --START--
INFO: Run Behavior\ContentReplaceBehavior [ RunTime:0.000000s ]
INFO: [ template_filter ] --END-- [ RunTime:0.000000s ]
NOTIC: [8] Undefined variable: a D:\WWW\PSD1705\folder\09-ThickPhp\Application\Runtime\Cache\Home\2efc7d58d3f4ce96c230ce50b6f3e362.php 第 47 行.
NOTIC: [8] Undefined index: addtime D:\WWW\PSD1705\folder\09-ThickPhp\Application\Runtime\Cache\Home\2efc7d58d3f4ce96c230ce50b6f3e362.php 第 53 行.
NOTIC: [8] Undefined index: addtime D:\WWW\PSD1705\folder\09-ThickPhp\Application\Runtime\Cache\Home\2efc7d58d3f4ce96c230ce50b6f3e362.php 第 53 行.
NOTIC: [8] Undefined index: addtime D:\WWW\PSD1705\folder\09-ThickPhp\Application\Runtime\Cache\Home\2efc7d58d3f4ce96c230ce50b6f3e362.php 第 53 行.
NOTIC: [8] Undefined index: addtime D:\WWW\PSD1705\folder\09-ThickPhp\Application\Runtime\Cache\Home\2efc7d58d3f4ce96c230ce50b6f3e362.php 第 53 行.
NOTIC: [8] Undefined index: addtime D:\WWW\PSD1705\folder\09-ThickPhp\Application\Runtime\Cache\Home\2efc7d58d3f4ce96c230ce50b6f3e362.php 第 53 行.
INFO: Run Behavior\ParseTemplateBehavior [ RunTime:0.018000s ]
INFO: [ view_parse ] --END-- [ RunTime:0.018000s ]
INFO: [ view_filter ] --START--
INFO: Run Behavior\WriteHtmlCacheBehavior [ RunTime:0.001000s ]
INFO: [ view_filter ] --END-- [ RunTime:0.001000s ]
INFO: [ app_end ] --START--
INFO: Run Behavior\ShowPageTraceBehavior [ RunTime:0.001000s ]
INFO: [ app_end ] --END-- [ RunTime:0.002000s ]

[ 2017-08-22T20:35:33+08:00 ] ::1 /PSD1705/folder/09-ThickPhp/index.php/Home/News/detail
INFO: [ app_init ] --START--
INFO: Run Behavior\BuildLiteBehavior [ RunTime:0.000000s ]
INFO: [ app_init ] --END-- [ RunTime:0.001000s ]
INFO: [ app_begin ] --START--
INFO: Run Behavior\ReadHtmlCacheBehavior [ RunTime:0.001000s ]
INFO: [ app_begin ] --END-- [ RunTime:0.001000s ]
NOTIC: [8] Undefined index: id D:\WWW\PSD1705\folder\09-ThickPhp\Application\Home\Controller\NewsController.class.php 第 49 行.
SQL: SHOW COLUMNS FROM `news` [ RunTime:0.0090s ]
ERR: 1064:You have an error in your SQL syntax; check the manual that corresponds to your MySQL server version for the right syntax to use near ') LIMIT 1' at line 1
 [ SQL语句 ] : SELECT * FROM `news` WHERE ( id= ) LIMIT 1  
ERR: 1064:You have an error in your SQL syntax; check the manual that corresponds to your MySQL server version for the right syntax to use near ') LIMIT 1' at line 1
 [ SQL语句 ] : SELECT * FROM `news` WHERE ( id= ) LIMIT 1  

[ 2017-08-22T20:35:43+08:00 ] ::1 /PSD1705/folder/09-ThickPhp/index.php/Home/News/detail/id/2
INFO: [ app_init ] --START--
INFO: Run Behavior\BuildLiteBehavior [ RunTime:0.000000s ]
INFO: [ app_init ] --END-- [ RunTime:0.001000s ]
INFO: [ app_begin ] --START--
INFO: Run Behavior\ReadHtmlCacheBehavior [ RunTime:0.001000s ]
INFO: [ app_begin ] --END-- [ RunTime:0.001000s ]
SQL: SHOW COLUMNS FROM `news` [ RunTime:0.0080s ]
SQL: SELECT * FROM `news` WHERE ( id=2 ) LIMIT 1   [ RunTime:0.0010s ]
INFO: [ view_parse ] --START--
INFO: [ template_filter ] --START--
INFO: Run Behavior\ContentReplaceBehavior [ RunTime:0.000000s ]
INFO: [ template_filter ] --END-- [ RunTime:0.000000s ]
NOTIC: [8] Undefined index: s D:\WWW\PSD1705\folder\09-ThickPhp\Application\Runtime\Cache\Home\aca8b289ff6c2c7180f304ffd37940b8.php 第 8 行.
NOTIC: [8] Undefined index: s D:\WWW\PSD1705\folder\09-ThickPhp\Application\Runtime\Cache\Home\aca8b289ff6c2c7180f304ffd37940b8.php 第 29 行.
NOTIC: [8] Undefined index: s D:\WWW\PSD1705\folder\09-ThickPhp\Application\Runtime\Cache\Home\aca8b289ff6c2c7180f304ffd37940b8.php 第 29 行.
INFO: Run Behavior\ParseTemplateBehavior [ RunTime:0.033000s ]
INFO: [ view_parse ] --END-- [ RunTime:0.034000s ]
INFO: [ view_filter ] --START--
INFO: Run Behavior\WriteHtmlCacheBehavior [ RunTime:0.000000s ]
INFO: [ view_filter ] --END-- [ RunTime:0.000000s ]
INFO: [ app_end ] --START--
INFO: Run Behavior\ShowPageTraceBehavior [ RunTime:0.001000s ]
INFO: [ app_end ] --END-- [ RunTime:0.001000s ]

[ 2017-08-22T20:35:58+08:00 ] ::1 /PSD1705/folder/09-ThickPhp/index.php/Home/User/register
INFO: [ app_init ] --START--
INFO: Run Behavior\BuildLiteBehavior [ RunTime:0.000000s ]
INFO: [ app_init ] --END-- [ RunTime:0.001000s ]
INFO: [ app_begin ] --START--
INFO: Run Behavior\ReadHtmlCacheBehavior [ RunTime:0.000000s ]
INFO: [ app_begin ] --END-- [ RunTime:0.000000s ]
INFO: [ view_parse ] --START--
INFO: [ template_filter ] --START--
INFO: Run Behavior\ContentReplaceBehavior [ RunTime:0.000000s ]
INFO: [ template_filter ] --END-- [ RunTime:0.001000s ]
NOTIC: [8] Undefined variable: arr D:\WWW\PSD1705\folder\09-ThickPhp\Application\Runtime\Cache\Home\3e914de466a79aa6859659783ae7a7a1.php 第 33 行.
NOTIC: [8] Undefined variable: message D:\WWW\PSD1705\folder\09-ThickPhp\Application\Runtime\Cache\Home\3e914de466a79aa6859659783ae7a7a1.php 第 34 行.
NOTIC: [8] Undefined variable: arr D:\WWW\PSD1705\folder\09-ThickPhp\Application\Runtime\Cache\Home\3e914de466a79aa6859659783ae7a7a1.php 第 38 行.
NOTIC: [8] Undefined variable: message D:\WWW\PSD1705\folder\09-ThickPhp\Application\Runtime\Cache\Home\3e914de466a79aa6859659783ae7a7a1.php 第 39 行.
NOTIC: [8] Undefined variable: arr D:\WWW\PSD1705\folder\09-ThickPhp\Application\Runtime\Cache\Home\3e914de466a79aa6859659783ae7a7a1.php 第 43 行.
NOTIC: [8] Undefined variable: message D:\WWW\PSD1705\folder\09-ThickPhp\Application\Runtime\Cache\Home\3e914de466a79aa6859659783ae7a7a1.php 第 44 行.
NOTIC: [8] Undefined variable: arr D:\WWW\PSD1705\folder\09-ThickPhp\Application\Runtime\Cache\Home\3e914de466a79aa6859659783ae7a7a1.php 第 48 行.
NOTIC: [8] Undefined variable: message D:\WWW\PSD1705\folder\09-ThickPhp\Application\Runtime\Cache\Home\3e914de466a79aa6859659783ae7a7a1.php 第 49 行.
NOTIC: [8] Undefined variable: arr D:\WWW\PSD1705\folder\09-ThickPhp\Application\Runtime\Cache\Home\3e914de466a79aa6859659783ae7a7a1.php 第 53 行.
NOTIC: [8] Undefined variable: message D:\WWW\PSD1705\folder\09-ThickPhp\Application\Runtime\Cache\Home\3e914de466a79aa6859659783ae7a7a1.php 第 54 行.
NOTIC: [8] Undefined variable: arr D:\WWW\PSD1705\folder\09-ThickPhp\Application\Runtime\Cache\Home\3e914de466a79aa6859659783ae7a7a1.php 第 58 行.
NOTIC: [8] Undefined variable: message D:\WWW\PSD1705\folder\09-ThickPhp\Application\Runtime\Cache\Home\3e914de466a79aa6859659783ae7a7a1.php 第 59 行.
NOTIC: [8] Undefined variable: arr D:\WWW\PSD1705\folder\09-ThickPhp\Application\Runtime\Cache\Home\3e914de466a79aa6859659783ae7a7a1.php 第 68 行.
NOTIC: [8] Undefined variable: message D:\WWW\PSD1705\folder\09-ThickPhp\Application\Runtime\Cache\Home\3e914de466a79aa6859659783ae7a7a1.php 第 69 行.
INFO: Run Behavior\ParseTemplateBehavior [ RunTime:0.008000s ]
INFO: [ view_parse ] --END-- [ RunTime:0.008000s ]
INFO: [ view_filter ] --START--
INFO: Run Behavior\WriteHtmlCacheBehavior [ RunTime:0.001000s ]
INFO: [ view_filter ] --END-- [ RunTime:0.001000s ]
INFO: [ app_end ] --START--
INFO: Run Behavior\ShowPageTraceBehavior [ RunTime:0.000000s ]
INFO: [ app_end ] --END-- [ RunTime:0.000000s ]

[ 2017-08-22T20:36:01+08:00 ] ::1 /PSD1705/folder/09-ThickPhp/index.php/Home/News/tongji
INFO: [ app_init ] --START--
INFO: Run Behavior\BuildLiteBehavior [ RunTime:0.000000s ]
INFO: [ app_init ] --END-- [ RunTime:0.000000s ]
INFO: [ app_begin ] --START--
INFO: Run Behavior\ReadHtmlCacheBehavior [ RunTime:0.001000s ]
INFO: [ app_begin ] --END-- [ RunTime:0.001000s ]
SQL: SHOW COLUMNS FROM `news` [ RunTime:0.0030s ]
SQL: SELECT n.type,count(*) as num,t.tname FROM news n INNER JOIN ntype as t on n.type=t.id  GROUP BY n.type HAVING num>=8  [ RunTime:0.0000s ]
INFO: [ view_parse ] --START--
INFO: [ template_filter ] --START--
INFO: Run Behavior\ContentReplaceBehavior [ RunTime:0.000000s ]
INFO: [ template_filter ] --END-- [ RunTime:0.001000s ]
INFO: Run Behavior\ParseTemplateBehavior [ RunTime:0.006000s ]
INFO: [ view_parse ] --END-- [ RunTime:0.006000s ]
INFO: [ view_filter ] --START--
INFO: Run Behavior\WriteHtmlCacheBehavior [ RunTime:0.000000s ]
INFO: [ view_filter ] --END-- [ RunTime:0.000000s ]
INFO: [ app_end ] --START--
INFO: Run Behavior\ShowPageTraceBehavior [ RunTime:0.000000s ]
INFO: [ app_end ] --END-- [ RunTime:0.000000s ]

[ 2017-08-22T20:36:02+08:00 ] ::1 /PSD1705/folder/09-ThickPhp/index.php/Home/News/tongji
INFO: [ app_init ] --START--
INFO: Run Behavior\BuildLiteBehavior [ RunTime:0.000000s ]
INFO: [ app_init ] --END-- [ RunTime:0.001000s ]
INFO: [ app_begin ] --START--
INFO: Run Behavior\ReadHtmlCacheBehavior [ RunTime:0.001000s ]
INFO: [ app_begin ] --END-- [ RunTime:0.001000s ]
SQL: SHOW COLUMNS FROM `news` [ RunTime:0.0050s ]
SQL: SELECT n.type,count(*) as num,t.tname FROM news n INNER JOIN ntype as t on n.type=t.id  GROUP BY n.type HAVING num>=8  [ RunTime:0.0010s ]
INFO: [ view_parse ] --START--
INFO: [ template_filter ] --START--
INFO: Run Behavior\ContentReplaceBehavior [ RunTime:0.001000s ]
INFO: [ template_filter ] --END-- [ RunTime:0.001000s ]
INFO: Run Behavior\ParseTemplateBehavior [ RunTime:0.012000s ]
INFO: [ view_parse ] --END-- [ RunTime:0.012000s ]
INFO: [ view_filter ] --START--
INFO: Run Behavior\WriteHtmlCacheBehavior [ RunTime:0.001000s ]
INFO: [ view_filter ] --END-- [ RunTime:0.001000s ]
INFO: [ app_end ] --START--
INFO: Run Behavior\ShowPageTraceBehavior [ RunTime:0.001000s ]
INFO: [ app_end ] --END-- [ RunTime:0.001000s ]

[ 2017-08-22T20:36:04+08:00 ] ::1 /PSD1705/folder/09-ThickPhp/index.php/Home/News/tongji
INFO: [ app_init ] --START--
INFO: Run Behavior\BuildLiteBehavior [ RunTime:0.000000s ]
INFO: [ app_init ] --END-- [ RunTime:0.000000s ]
INFO: [ app_begin ] --START--
INFO: Run Behavior\ReadHtmlCacheBehavior [ RunTime:0.001000s ]
INFO: [ app_begin ] --END-- [ RunTime:0.001000s ]
SQL: SHOW COLUMNS FROM `news` [ RunTime:0.0140s ]
SQL: SELECT n.type,count(*) as num,t.tname FROM news n INNER JOIN ntype as t on n.type=t.id  GROUP BY n.type HAVING num>=8  [ RunTime:0.0010s ]
INFO: [ view_parse ] --START--
INFO: [ template_filter ] --START--
INFO: Run Behavior\ContentReplaceBehavior [ RunTime:0.000000s ]
INFO: [ template_filter ] --END-- [ RunTime:0.001000s ]
INFO: Run Behavior\ParseTemplateBehavior [ RunTime:0.017000s ]
INFO: [ view_parse ] --END-- [ RunTime:0.017000s ]
INFO: [ view_filter ] --START--
INFO: Run Behavior\WriteHtmlCacheBehavior [ RunTime:0.001000s ]
INFO: [ view_filter ] --END-- [ RunTime:0.001000s ]
INFO: [ app_end ] --START--
INFO: Run Behavior\ShowPageTraceBehavior [ RunTime:0.002000s ]
INFO: [ app_end ] --END-- [ RunTime:0.002000s ]

[ 2017-08-22T20:39:40+08:00 ] ::1 /PSD1705/folder/09-ThickPhp/index.php/Home/News/tongji
INFO: [ app_init ] --START--
INFO: Run Behavior\BuildLiteBehavior [ RunTime:0.000000s ]
INFO: [ app_init ] --END-- [ RunTime:0.000000s ]
INFO: [ app_begin ] --START--
INFO: Run Behavior\ReadHtmlCacheBehavior [ RunTime:0.001000s ]
INFO: [ app_begin ] --END-- [ RunTime:0.001000s ]
SQL: SHOW COLUMNS FROM `news` [ RunTime:0.0100s ]
SQL: SELECT n.type,count(*) as num,t.tname FROM news n INNER JOIN ntype as t on n.type=t.id  GROUP BY n.type HAVING num>=8  [ RunTime:0.0010s ]
INFO: [ view_parse ] --START--
INFO: [ template_filter ] --START--
INFO: Run Behavior\ContentReplaceBehavior [ RunTime:0.000000s ]
INFO: [ template_filter ] --END-- [ RunTime:0.000000s ]
INFO: Run Behavior\ParseTemplateBehavior [ RunTime:0.013000s ]
INFO: [ view_parse ] --END-- [ RunTime:0.013000s ]
INFO: [ view_filter ] --START--
INFO: Run Behavior\WriteHtmlCacheBehavior [ RunTime:0.000000s ]
INFO: [ view_filter ] --END-- [ RunTime:0.000000s ]
INFO: [ app_end ] --START--
INFO: Run Behavior\ShowPageTraceBehavior [ RunTime:0.001000s ]
INFO: [ app_end ] --END-- [ RunTime:0.002000s ]

[ 2017-08-22T20:44:33+08:00 ] ::1 /PSD1705/folder/09-ThickPhp/index.php?__hbt=1503405872571
INFO: [ app_init ] --START--
INFO: Run Behavior\BuildLiteBehavior [ RunTime:0.000000s ]
INFO: [ app_init ] --END-- [ RunTime:0.001000s ]
INFO: [ app_begin ] --START--
INFO: Run Behavior\ReadHtmlCacheBehavior [ RunTime:0.001000s ]
INFO: [ app_begin ] --END-- [ RunTime:0.001000s ]
INFO: [ view_parse ] --START--
INFO: [ template_filter ] --START--
INFO: Run Behavior\ContentReplaceBehavior [ RunTime:0.000000s ]
INFO: [ template_filter ] --END-- [ RunTime:0.000000s ]
INFO: Run Behavior\ParseTemplateBehavior [ RunTime:0.018000s ]
INFO: [ view_parse ] --END-- [ RunTime:0.018000s ]
INFO: [ view_filter ] --START--
INFO: Run Behavior\WriteHtmlCacheBehavior [ RunTime:0.000000s ]
INFO: [ view_filter ] --END-- [ RunTime:0.000000s ]
INFO: [ app_end ] --START--
INFO: Run Behavior\ShowPageTraceBehavior [ RunTime:0.001000s ]
INFO: [ app_end ] --END-- [ RunTime:0.001000s ]

[ 2017-08-22T20:44:37+08:00 ] ::1 /PSD1705/folder/09-ThickPhp/index.php/Home/News/tongji
INFO: [ app_init ] --START--
INFO: Run Behavior\BuildLiteBehavior [ RunTime:0.000000s ]
INFO: [ app_init ] --END-- [ RunTime:0.000000s ]
INFO: [ app_begin ] --START--
INFO: Run Behavior\ReadHtmlCacheBehavior [ RunTime:0.001000s ]
INFO: [ app_begin ] --END-- [ RunTime:0.001000s ]
SQL: SHOW COLUMNS FROM `news` [ RunTime:0.0030s ]
SQL: SELECT n.type,count(*) as num,t.tname FROM news n INNER JOIN ntype as t on n.type=t.id  GROUP BY n.type HAVING num>=8  [ RunTime:0.0010s ]
INFO: [ view_parse ] --START--
INFO: [ template_filter ] --START--
INFO: Run Behavior\ContentReplaceBehavior [ RunTime:0.000000s ]
INFO: [ template_filter ] --END-- [ RunTime:0.000000s ]
INFO: Run Behavior\ParseTemplateBehavior [ RunTime:0.006000s ]
INFO: [ view_parse ] --END-- [ RunTime:0.006000s ]
INFO: [ view_filter ] --START--
INFO: Run Behavior\WriteHtmlCacheBehavior [ RunTime:0.000000s ]
INFO: [ view_filter ] --END-- [ RunTime:0.000000s ]
INFO: [ app_end ] --START--
INFO: Run Behavior\ShowPageTraceBehavior [ RunTime:0.001000s ]
INFO: [ app_end ] --END-- [ RunTime:0.001000s ]

[ 2017-08-22T20:44:40+08:00 ] ::1 /PSD1705/folder/09-ThickPhp/index.php/Home/User/register
INFO: [ app_init ] --START--
INFO: Run Behavior\BuildLiteBehavior [ RunTime:0.000000s ]
INFO: [ app_init ] --END-- [ RunTime:0.001000s ]
INFO: [ app_begin ] --START--
INFO: Run Behavior\ReadHtmlCacheBehavior [ RunTime:0.001000s ]
INFO: [ app_begin ] --END-- [ RunTime:0.001000s ]
INFO: [ view_parse ] --START--
INFO: [ template_filter ] --START--
INFO: Run Behavior\ContentReplaceBehavior [ RunTime:0.000000s ]
INFO: [ template_filter ] --END-- [ RunTime:0.000000s ]
NOTIC: [8] Undefined variable: arr D:\WWW\PSD1705\folder\09-ThickPhp\Application\Runtime\Cache\Home\3e914de466a79aa6859659783ae7a7a1.php 第 33 行.
NOTIC: [8] Undefined variable: message D:\WWW\PSD1705\folder\09-ThickPhp\Application\Runtime\Cache\Home\3e914de466a79aa6859659783ae7a7a1.php 第 34 行.
NOTIC: [8] Undefined variable: arr D:\WWW\PSD1705\folder\09-ThickPhp\Application\Runtime\Cache\Home\3e914de466a79aa6859659783ae7a7a1.php 第 38 行.
NOTIC: [8] Undefined variable: message D:\WWW\PSD1705\folder\09-ThickPhp\Application\Runtime\Cache\Home\3e914de466a79aa6859659783ae7a7a1.php 第 39 行.
NOTIC: [8] Undefined variable: arr D:\WWW\PSD1705\folder\09-ThickPhp\Application\Runtime\Cache\Home\3e914de466a79aa6859659783ae7a7a1.php 第 43 行.
NOTIC: [8] Undefined variable: message D:\WWW\PSD1705\folder\09-ThickPhp\Application\Runtime\Cache\Home\3e914de466a79aa6859659783ae7a7a1.php 第 44 行.
NOTIC: [8] Undefined variable: arr D:\WWW\PSD1705\folder\09-ThickPhp\Application\Runtime\Cache\Home\3e914de466a79aa6859659783ae7a7a1.php 第 48 行.
NOTIC: [8] Undefined variable: message D:\WWW\PSD1705\folder\09-ThickPhp\Application\Runtime\Cache\Home\3e914de466a79aa6859659783ae7a7a1.php 第 49 行.
NOTIC: [8] Undefined variable: arr D:\WWW\PSD1705\folder\09-ThickPhp\Application\Runtime\Cache\Home\3e914de466a79aa6859659783ae7a7a1.php 第 53 行.
NOTIC: [8] Undefined variable: message D:\WWW\PSD1705\folder\09-ThickPhp\Application\Runtime\Cache\Home\3e914de466a79aa6859659783ae7a7a1.php 第 54 行.
NOTIC: [8] Undefined variable: arr D:\WWW\PSD1705\folder\09-ThickPhp\Application\Runtime\Cache\Home\3e914de466a79aa6859659783ae7a7a1.php 第 58 行.
NOTIC: [8] Undefined variable: message D:\WWW\PSD1705\folder\09-ThickPhp\Application\Runtime\Cache\Home\3e914de466a79aa6859659783ae7a7a1.php 第 59 行.
NOTIC: [8] Undefined variable: arr D:\WWW\PSD1705\folder\09-ThickPhp\Application\Runtime\Cache\Home\3e914de466a79aa6859659783ae7a7a1.php 第 68 行.
NOTIC: [8] Undefined variable: message D:\WWW\PSD1705\folder\09-ThickPhp\Application\Runtime\Cache\Home\3e914de466a79aa6859659783ae7a7a1.php 第 69 行.
INFO: Run Behavior\ParseTemplateBehavior [ RunTime:0.006000s ]
INFO: [ view_parse ] --END-- [ RunTime:0.006000s ]
INFO: [ view_filter ] --START--
INFO: Run Behavior\WriteHtmlCacheBehavior [ RunTime:0.000000s ]
INFO: [ view_filter ] --END-- [ RunTime:0.000000s ]
INFO: [ app_end ] --START--
INFO: Run Behavior\ShowPageTraceBehavior [ RunTime:0.001000s ]
INFO: [ app_end ] --END-- [ RunTime:0.001000s ]

[ 2017-08-22T20:45:14+08:00 ] ::1 /PSD1705/folder/09-ThickPhp/index.php/Home/User/save
INFO: [ app_init ] --START--
INFO: Run Behavior\BuildLiteBehavior [ RunTime:0.000000s ]
INFO: [ app_init ] --END-- [ RunTime:0.000000s ]
INFO: [ app_begin ] --START--
INFO: Run Behavior\ReadHtmlCacheBehavior [ RunTime:0.000000s ]
INFO: [ app_begin ] --END-- [ RunTime:0.000000s ]
SQL: SHOW COLUMNS FROM `user` [ RunTime:0.0340s ]
NOTIC: [8] Undefined index: validate D:\WWW\PSD1705\folder\09-ThickPhp\ThinkPHP\Library\Think\Model.class.php 第 1185 行.
SQL: SELECT * FROM `user` WHERE `username` = '_123456' LIMIT 1   [ RunTime:0.0010s ]
INFO: [ view_parse ] --START--
INFO: [ template_filter ] --START--
INFO: Run Behavior\ContentReplaceBehavior [ RunTime:0.000000s ]
INFO: [ template_filter ] --END-- [ RunTime:0.000000s ]
NOTIC: [8] Undefined index: username D:\WWW\PSD1705\folder\09-ThickPhp\Application\Runtime\Cache\Home\3e914de466a79aa6859659783ae7a7a1.php 第 34 行.
NOTIC: [8] Undefined index: password D:\WWW\PSD1705\folder\09-ThickPhp\Application\Runtime\Cache\Home\3e914de466a79aa6859659783ae7a7a1.php 第 44 行.
NOTIC: [8] Undefined index: repassword D:\WWW\PSD1705\folder\09-ThickPhp\Application\Runtime\Cache\Home\3e914de466a79aa6859659783ae7a7a1.php 第 49 行.
NOTIC: [8] Undefined index: email D:\WWW\PSD1705\folder\09-ThickPhp\Application\Runtime\Cache\Home\3e914de466a79aa6859659783ae7a7a1.php 第 54 行.
NOTIC: [8] Undefined index: phone D:\WWW\PSD1705\folder\09-ThickPhp\Application\Runtime\Cache\Home\3e914de466a79aa6859659783ae7a7a1.php 第 59 行.
NOTIC: [8] Undefined index: addr D:\WWW\PSD1705\folder\09-ThickPhp\Application\Runtime\Cache\Home\3e914de466a79aa6859659783ae7a7a1.php 第 69 行.
INFO: Run Behavior\ParseTemplateBehavior [ RunTime:0.011000s ]
INFO: [ view_parse ] --END-- [ RunTime:0.011000s ]
INFO: [ view_filter ] --START--
INFO: Run Behavior\WriteHtmlCacheBehavior [ RunTime:0.000000s ]
INFO: [ view_filter ] --END-- [ RunTime:0.000000s ]
INFO: [ app_end ] --START--
INFO: Run Behavior\ShowPageTraceBehavior [ RunTime:0.001000s ]
INFO: [ app_end ] --END-- [ RunTime:0.001000s ]

[ 2017-08-22T20:45:21+08:00 ] ::1 /PSD1705/folder/09-ThickPhp/index.php/Home/User/save
INFO: [ app_init ] --START--
INFO: Run Behavior\BuildLiteBehavior [ RunTime:0.000000s ]
INFO: [ app_init ] --END-- [ RunTime:0.000000s ]
INFO: [ app_begin ] --START--
INFO: Run Behavior\ReadHtmlCacheBehavior [ RunTime:0.001000s ]
INFO: [ app_begin ] --END-- [ RunTime:0.001000s ]
SQL: SHOW COLUMNS FROM `user` [ RunTime:0.0100s ]
NOTIC: [8] Undefined index: validate D:\WWW\PSD1705\folder\09-ThickPhp\ThinkPHP\Library\Think\Model.class.php 第 1185 行.
SQL: SELECT * FROM `user` WHERE `username` = '_123456' LIMIT 1   [ RunTime:0.0010s ]
NOTIC: [8] Undefined index: auto D:\WWW\PSD1705\folder\09-ThickPhp\ThinkPHP\Library\Think\Model.class.php 第 1128 行.
SQL: INSERT INTO `user` (`username`,`nick`,`password`,`email`,`phone`,`sex`,`addr`,`addtime`) VALUES ('_123456','eqr','e10adc3949ba59abbe56e057f20f883e','edwrfew@qq.com','13315199191','1','为其热情','1503405921') [ RunTime:0.0010s ]
INFO: [ view_parse ] --START--
INFO: [ template_filter ] --START--
INFO: Run Behavior\ContentReplaceBehavior [ RunTime:0.000000s ]
INFO: [ template_filter ] --END-- [ RunTime:0.000000s ]
INFO: Run Behavior\ParseTemplateBehavior [ RunTime:0.014000s ]
INFO: [ view_parse ] --END-- [ RunTime:0.014000s ]
INFO: [ view_filter ] --START--
INFO: Run Behavior\WriteHtmlCacheBehavior [ RunTime:0.001000s ]
INFO: [ view_filter ] --END-- [ RunTime:0.001000s ]
INFO: [ app_end ] --START--
INFO: Run Behavior\ShowPageTraceBehavior [ RunTime:0.001000s ]
INFO: [ app_end ] --END-- [ RunTime:0.002000s ]

[ 2017-08-22T20:45:24+08:00 ] ::1 /PSD1705/folder/09-ThickPhp/index.php/Home/Index/index.html
INFO: [ app_init ] --START--
INFO: Run Behavior\BuildLiteBehavior [ RunTime:0.000000s ]
INFO: [ app_init ] --END-- [ RunTime:0.001000s ]
INFO: [ app_begin ] --START--
INFO: Run Behavior\ReadHtmlCacheBehavior [ RunTime:0.001000s ]
INFO: [ app_begin ] --END-- [ RunTime:0.001000s ]
INFO: [ view_parse ] --START--
INFO: [ template_filter ] --START--
INFO: Run Behavior\ContentReplaceBehavior [ RunTime:0.000000s ]
INFO: [ template_filter ] --END-- [ RunTime:0.000000s ]
INFO: Run Behavior\ParseTemplateBehavior [ RunTime:0.007000s ]
INFO: [ view_parse ] --END-- [ RunTime:0.007000s ]
INFO: [ view_filter ] --START--
INFO: Run Behavior\WriteHtmlCacheBehavior [ RunTime:0.000000s ]
INFO: [ view_filter ] --END-- [ RunTime:0.001000s ]
INFO: [ app_end ] --START--
INFO: Run Behavior\ShowPageTraceBehavior [ RunTime:0.000000s ]
INFO: [ app_end ] --END-- [ RunTime:0.000000s ]

[ 2017-08-22T20:51:16+08:00 ] ::1 /PSD1705/folder/09-ThickPhp/index.php/Home/Index/index.html
INFO: [ app_init ] --START--
INFO: Run Behavior\BuildLiteBehavior [ RunTime:0.000000s ]
INFO: [ app_init ] --END-- [ RunTime:0.001000s ]
INFO: [ app_begin ] --START--
INFO: Run Behavior\ReadHtmlCacheBehavior [ RunTime:0.000000s ]
INFO: [ app_begin ] --END-- [ RunTime:0.001000s ]
INFO: [ view_parse ] --START--
INFO: [ template_filter ] --START--
INFO: Run Behavior\ContentReplaceBehavior [ RunTime:0.000000s ]
INFO: [ template_filter ] --END-- [ RunTime:0.000000s ]
INFO: Run Behavior\ParseTemplateBehavior [ RunTime:0.005000s ]
INFO: [ view_parse ] --END-- [ RunTime:0.005000s ]
INFO: [ view_filter ] --START--
INFO: Run Behavior\WriteHtmlCacheBehavior [ RunTime:0.001000s ]
INFO: [ view_filter ] --END-- [ RunTime:0.001000s ]
INFO: [ app_end ] --START--
INFO: Run Behavior\ShowPageTraceBehavior [ RunTime:0.001000s ]
INFO: [ app_end ] --END-- [ RunTime:0.001000s ]

[ 2017-08-22T20:51:17+08:00 ] ::1 /PSD1705/folder/09-ThickPhp/index.php/Home/Index/index.html
INFO: [ app_init ] --START--
INFO: Run Behavior\BuildLiteBehavior [ RunTime:0.000000s ]
INFO: [ app_init ] --END-- [ RunTime:0.001000s ]
INFO: [ app_begin ] --START--
INFO: Run Behavior\ReadHtmlCacheBehavior [ RunTime:0.001000s ]
INFO: [ app_begin ] --END-- [ RunTime:0.001000s ]
INFO: [ view_parse ] --START--
INFO: [ template_filter ] --START--
INFO: Run Behavior\ContentReplaceBehavior [ RunTime:0.000000s ]
INFO: [ template_filter ] --END-- [ RunTime:0.000000s ]
INFO: Run Behavior\ParseTemplateBehavior [ RunTime:0.005000s ]
INFO: [ view_parse ] --END-- [ RunTime:0.005000s ]
INFO: [ view_filter ] --START--
INFO: Run Behavior\WriteHtmlCacheBehavior [ RunTime:0.000000s ]
INFO: [ view_filter ] --END-- [ RunTime:0.000000s ]
INFO: [ app_end ] --START--
INFO: Run Behavior\ShowPageTraceBehavior [ RunTime:0.000000s ]
INFO: [ app_end ] --END-- [ RunTime:0.000000s ]

[ 2017-08-22T20:51:17+08:00 ] ::1 /PSD1705/folder/09-ThickPhp/index.php/Home/Index/index.html
INFO: [ app_init ] --START--
INFO: Run Behavior\BuildLiteBehavior [ RunTime:0.000000s ]
INFO: [ app_init ] --END-- [ RunTime:0.001000s ]
INFO: [ app_begin ] --START--
INFO: Run Behavior\ReadHtmlCacheBehavior [ RunTime:0.000000s ]
INFO: [ app_begin ] --END-- [ RunTime:0.000000s ]
INFO: [ view_parse ] --START--
INFO: [ template_filter ] --START--
INFO: Run Behavior\ContentReplaceBehavior [ RunTime:0.000000s ]
INFO: [ template_filter ] --END-- [ RunTime:0.000000s ]
INFO: Run Behavior\ParseTemplateBehavior [ RunTime:0.006000s ]
INFO: [ view_parse ] --END-- [ RunTime:0.006000s ]
INFO: [ view_filter ] --START--
INFO: Run Behavior\WriteHtmlCacheBehavior [ RunTime:0.001000s ]
INFO: [ view_filter ] --END-- [ RunTime:0.001000s ]
INFO: [ app_end ] --START--
INFO: Run Behavior\ShowPageTraceBehavior [ RunTime:0.000000s ]
INFO: [ app_end ] --END-- [ RunTime:0.001000s ]

[ 2017-08-22T20:51:17+08:00 ] ::1 /PSD1705/folder/09-ThickPhp/index.php/Home/Index/index.html
INFO: [ app_init ] --START--
INFO: Run Behavior\BuildLiteBehavior [ RunTime:0.000000s ]
INFO: [ app_init ] --END-- [ RunTime:0.001000s ]
INFO: [ app_begin ] --START--
INFO: Run Behavior\ReadHtmlCacheBehavior [ RunTime:0.001000s ]
INFO: [ app_begin ] --END-- [ RunTime:0.001000s ]
INFO: [ view_parse ] --START--
INFO: [ template_filter ] --START--
INFO: Run Behavior\ContentReplaceBehavior [ RunTime:0.000000s ]
INFO: [ template_filter ] --END-- [ RunTime:0.000000s ]
INFO: Run Behavior\ParseTemplateBehavior [ RunTime:0.006000s ]
INFO: [ view_parse ] --END-- [ RunTime:0.006000s ]
INFO: [ view_filter ] --START--
INFO: Run Behavior\WriteHtmlCacheBehavior [ RunTime:0.001000s ]
INFO: [ view_filter ] --END-- [ RunTime:0.001000s ]
INFO: [ app_end ] --START--
INFO: Run Behavior\ShowPageTraceBehavior [ RunTime:0.000000s ]
INFO: [ app_end ] --END-- [ RunTime:0.000000s ]

[ 2017-08-22T20:51:17+08:00 ] ::1 /PSD1705/folder/09-ThickPhp/index.php/Home/Index/index.html
INFO: [ app_init ] --START--
INFO: Run Behavior\BuildLiteBehavior [ RunTime:0.000000s ]
INFO: [ app_init ] --END-- [ RunTime:0.001000s ]
INFO: [ app_begin ] --START--
INFO: Run Behavior\ReadHtmlCacheBehavior [ RunTime:0.001000s ]
INFO: [ app_begin ] --END-- [ RunTime:0.001000s ]
INFO: [ view_parse ] --START--
INFO: [ template_filter ] --START--
INFO: Run Behavior\ContentReplaceBehavior [ RunTime:0.000000s ]
INFO: [ template_filter ] --END-- [ RunTime:0.000000s ]
INFO: Run Behavior\ParseTemplateBehavior [ RunTime:0.005000s ]
INFO: [ view_parse ] --END-- [ RunTime:0.005000s ]
INFO: [ view_filter ] --START--
INFO: Run Behavior\WriteHtmlCacheBehavior [ RunTime:0.000000s ]
INFO: [ view_filter ] --END-- [ RunTime:0.001000s ]
INFO: [ app_end ] --START--
INFO: Run Behavior\ShowPageTraceBehavior [ RunTime:0.001000s ]
INFO: [ app_end ] --END-- [ RunTime:0.001000s ]

[ 2017-08-22T20:51:18+08:00 ] ::1 /PSD1705/folder/09-ThickPhp/index.php/Home/Index/index.html
INFO: [ app_init ] --START--
INFO: Run Behavior\BuildLiteBehavior [ RunTime:0.000000s ]
INFO: [ app_init ] --END-- [ RunTime:0.000000s ]
INFO: [ app_begin ] --START--
INFO: Run Behavior\ReadHtmlCacheBehavior [ RunTime:0.001000s ]
INFO: [ app_begin ] --END-- [ RunTime:0.001000s ]
INFO: [ view_parse ] --START--
INFO: [ template_filter ] --START--
INFO: Run Behavior\ContentReplaceBehavior [ RunTime:0.000000s ]
INFO: [ template_filter ] --END-- [ RunTime:0.000000s ]
INFO: Run Behavior\ParseTemplateBehavior [ RunTime:0.005000s ]
INFO: [ view_parse ] --END-- [ RunTime:0.005000s ]
INFO: [ view_filter ] --START--
INFO: Run Behavior\WriteHtmlCacheBehavior [ RunTime:0.000000s ]
INFO: [ view_filter ] --END-- [ RunTime:0.000000s ]
INFO: [ app_end ] --START--
INFO: Run Behavior\ShowPageTraceBehavior [ RunTime:0.001000s ]
INFO: [ app_end ] --END-- [ RunTime:0.001000s ]

[ 2017-08-22T20:51:18+08:00 ] ::1 /PSD1705/folder/09-ThickPhp/index.php/Home/Index/index.html
INFO: [ app_init ] --START--
INFO: Run Behavior\BuildLiteBehavior [ RunTime:0.000000s ]
INFO: [ app_init ] --END-- [ RunTime:0.001000s ]
INFO: [ app_begin ] --START--
INFO: Run Behavior\ReadHtmlCacheBehavior [ RunTime:0.000000s ]
INFO: [ app_begin ] --END-- [ RunTime:0.000000s ]
INFO: [ view_parse ] --START--
INFO: [ template_filter ] --START--
INFO: Run Behavior\ContentReplaceBehavior [ RunTime:0.000000s ]
INFO: [ template_filter ] --END-- [ RunTime:0.000000s ]
INFO: Run Behavior\ParseTemplateBehavior [ RunTime:0.008000s ]
INFO: [ view_parse ] --END-- [ RunTime:0.008000s ]
INFO: [ view_filter ] --START--
INFO: Run Behavior\WriteHtmlCacheBehavior [ RunTime:0.000000s ]
INFO: [ view_filter ] --END-- [ RunTime:0.000000s ]
INFO: [ app_end ] --START--
INFO: Run Behavior\ShowPageTraceBehavior [ RunTime:0.001000s ]
INFO: [ app_end ] --END-- [ RunTime:0.001000s ]

[ 2017-08-22T20:51:18+08:00 ] ::1 /PSD1705/folder/09-ThickPhp/index.php/Home/Index/index.html
INFO: [ app_init ] --START--
INFO: Run Behavior\BuildLiteBehavior [ RunTime:0.000000s ]
INFO: [ app_init ] --END-- [ RunTime:0.000000s ]
INFO: [ app_begin ] --START--
INFO: Run Behavior\ReadHtmlCacheBehavior [ RunTime:0.001000s ]
INFO: [ app_begin ] --END-- [ RunTime:0.001000s ]
INFO: [ view_parse ] --START--
INFO: [ template_filter ] --START--
INFO: Run Behavior\ContentReplaceBehavior [ RunTime:0.000000s ]
INFO: [ template_filter ] --END-- [ RunTime:0.000000s ]
INFO: Run Behavior\ParseTemplateBehavior [ RunTime:0.005000s ]
INFO: [ view_parse ] --END-- [ RunTime:0.005000s ]
INFO: [ view_filter ] --START--
INFO: Run Behavior\WriteHtmlCacheBehavior [ RunTime:0.001000s ]
INFO: [ view_filter ] --END-- [ RunTime:0.001000s ]
INFO: [ app_end ] --START--
INFO: Run Behavior\ShowPageTraceBehavior [ RunTime:0.000000s ]
INFO: [ app_end ] --END-- [ RunTime:0.000000s ]

[ 2017-08-22T20:55:27+08:00 ] ::1 /PSD1705/folder/09-ThickPhp/index.php/Home/Verify/show
INFO: [ app_init ] --START--
INFO: Run Behavior\BuildLiteBehavior [ RunTime:0.000000s ]
INFO: [ app_init ] --END-- [ RunTime:0.001000s ]
INFO: [ app_begin ] --START--
INFO: Run Behavior\ReadHtmlCacheBehavior [ RunTime:0.001000s ]
INFO: [ app_begin ] --END-- [ RunTime:0.001000s ]
NOTIC: [2048] Declaration of Home\Controller\verifyController::show() should be compatible with Think\Controller::show($content, $charset = '', $contentType = '', $prefix = '') D:\WWW\PSD1705\folder\09-ThickPhp\Application\Home\Controller\VerifyController.class.php 第 11 行.
INFO: [ app_end ] --START--
INFO: Run Behavior\ShowPageTraceBehavior [ RunTime:0.001000s ]
INFO: [ app_end ] --END-- [ RunTime:0.001000s ]

[ 2017-08-22T20:55:38+08:00 ] ::1 /PSD1705/folder/09-ThickPhp/index.php/Home/News/listern
INFO: [ app_init ] --START--
INFO: Run Behavior\BuildLiteBehavior [ RunTime:0.000000s ]
INFO: [ app_init ] --END-- [ RunTime:0.001000s ]
INFO: [ app_begin ] --START--
INFO: Run Behavior\ReadHtmlCacheBehavior [ RunTime:0.000000s ]
INFO: [ app_begin ] --END-- [ RunTime:0.000000s ]
INFO: [ view_parse ] --START--
INFO: [ template_filter ] --START--
INFO: Run Behavior\ContentReplaceBehavior [ RunTime:0.000000s ]
INFO: [ template_filter ] --END-- [ RunTime:0.000000s ]
NOTIC: [8] Undefined variable: a D:\WWW\PSD1705\folder\09-ThickPhp\Application\Runtime\Cache\Home\2efc7d58d3f4ce96c230ce50b6f3e362.php 第 47 行.
NOTIC: [8] Undefined variable: arr D:\WWW\PSD1705\folder\09-ThickPhp\Application\Runtime\Cache\Home\2efc7d58d3f4ce96c230ce50b6f3e362.php 第 49 行.
NOTIC: [8] Undefined variable: pageStr D:\WWW\PSD1705\folder\09-ThickPhp\Application\Runtime\Cache\Home\2efc7d58d3f4ce96c230ce50b6f3e362.php 第 56 行.
INFO: Run Behavior\ParseTemplateBehavior [ RunTime:0.007000s ]
INFO: [ view_parse ] --END-- [ RunTime:0.007000s ]
INFO: [ view_filter ] --START--
INFO: Run Behavior\WriteHtmlCacheBehavior [ RunTime:0.001000s ]
INFO: [ view_filter ] --END-- [ RunTime:0.001000s ]
INFO: [ app_end ] --START--
INFO: Run Behavior\ShowPageTraceBehavior [ RunTime:0.000000s ]
INFO: [ app_end ] --END-- [ RunTime:0.000000s ]

[ 2017-08-22T20:55:40+08:00 ] ::1 /PSD1705/folder/09-ThickPhp/index.php/Home/News/listern
INFO: [ app_init ] --START--
INFO: Run Behavior\BuildLiteBehavior [ RunTime:0.000000s ]
INFO: [ app_init ] --END-- [ RunTime:0.000000s ]
INFO: [ app_begin ] --START--
INFO: Run Behavior\ReadHtmlCacheBehavior [ RunTime:0.000000s ]
INFO: [ app_begin ] --END-- [ RunTime:0.000000s ]
INFO: [ view_parse ] --START--
INFO: [ template_filter ] --START--
INFO: Run Behavior\ContentReplaceBehavior [ RunTime:0.000000s ]
INFO: [ template_filter ] --END-- [ RunTime:0.000000s ]
NOTIC: [8] Undefined variable: a D:\WWW\PSD1705\folder\09-ThickPhp\Application\Runtime\Cache\Home\2efc7d58d3f4ce96c230ce50b6f3e362.php 第 47 行.
NOTIC: [8] Undefined variable: arr D:\WWW\PSD1705\folder\09-ThickPhp\Application\Runtime\Cache\Home\2efc7d58d3f4ce96c230ce50b6f3e362.php 第 49 行.
NOTIC: [8] Undefined variable: pageStr D:\WWW\PSD1705\folder\09-ThickPhp\Application\Runtime\Cache\Home\2efc7d58d3f4ce96c230ce50b6f3e362.php 第 56 行.
INFO: Run Behavior\ParseTemplateBehavior [ RunTime:0.006000s ]
INFO: [ view_parse ] --END-- [ RunTime:0.006000s ]
INFO: [ view_filter ] --START--
INFO: Run Behavior\WriteHtmlCacheBehavior [ RunTime:0.000000s ]
INFO: [ view_filter ] --END-- [ RunTime:0.000000s ]
INFO: [ app_end ] --START--
INFO: Run Behavior\ShowPageTraceBehavior [ RunTime:0.000000s ]
INFO: [ app_end ] --END-- [ RunTime:0.000000s ]

[ 2017-08-22T20:55:41+08:00 ] ::1 /PSD1705/folder/09-ThickPhp/index.php/Home/News/listern
INFO: [ app_init ] --START--
INFO: Run Behavior\BuildLiteBehavior [ RunTime:0.000000s ]
INFO: [ app_init ] --END-- [ RunTime:0.000000s ]
INFO: [ app_begin ] --START--
INFO: Run Behavior\ReadHtmlCacheBehavior [ RunTime:0.001000s ]
INFO: [ app_begin ] --END-- [ RunTime:0.001000s ]
INFO: [ view_parse ] --START--
INFO: [ template_filter ] --START--
INFO: Run Behavior\ContentReplaceBehavior [ RunTime:0.000000s ]
INFO: [ template_filter ] --END-- [ RunTime:0.000000s ]
NOTIC: [8] Undefined variable: a D:\WWW\PSD1705\folder\09-ThickPhp\Application\Runtime\Cache\Home\2efc7d58d3f4ce96c230ce50b6f3e362.php 第 47 行.
NOTIC: [8] Undefined variable: arr D:\WWW\PSD1705\folder\09-ThickPhp\Application\Runtime\Cache\Home\2efc7d58d3f4ce96c230ce50b6f3e362.php 第 49 行.
NOTIC: [8] Undefined variable: pageStr D:\WWW\PSD1705\folder\09-ThickPhp\Application\Runtime\Cache\Home\2efc7d58d3f4ce96c230ce50b6f3e362.php 第 56 行.
INFO: Run Behavior\ParseTemplateBehavior [ RunTime:0.007000s ]
INFO: [ view_parse ] --END-- [ RunTime:0.007000s ]
INFO: [ view_filter ] --START--
INFO: Run Behavior\WriteHtmlCacheBehavior [ RunTime:0.000000s ]
INFO: [ view_filter ] --END-- [ RunTime:0.000000s ]
INFO: [ app_end ] --START--
INFO: Run Behavior\ShowPageTraceBehavior [ RunTime:0.001000s ]
INFO: [ app_end ] --END-- [ RunTime:0.001000s ]

[ 2017-08-22T20:55:42+08:00 ] ::1 /PSD1705/folder/09-ThickPhp/index.php/Home/News/listern
INFO: [ app_init ] --START--
INFO: Run Behavior\BuildLiteBehavior [ RunTime:0.000000s ]
INFO: [ app_init ] --END-- [ RunTime:0.001000s ]
INFO: [ app_begin ] --START--
INFO: Run Behavior\ReadHtmlCacheBehavior [ RunTime:0.000000s ]
INFO: [ app_begin ] --END-- [ RunTime:0.000000s ]
INFO: [ view_parse ] --START--
INFO: [ template_filter ] --START--
INFO: Run Behavior\ContentReplaceBehavior [ RunTime:0.000000s ]
INFO: [ template_filter ] --END-- [ RunTime:0.000000s ]
NOTIC: [8] Undefined variable: a D:\WWW\PSD1705\folder\09-ThickPhp\Application\Runtime\Cache\Home\2efc7d58d3f4ce96c230ce50b6f3e362.php 第 47 行.
NOTIC: [8] Undefined variable: arr D:\WWW\PSD1705\folder\09-ThickPhp\Application\Runtime\Cache\Home\2efc7d58d3f4ce96c230ce50b6f3e362.php 第 49 行.
NOTIC: [8] Undefined variable: pageStr D:\WWW\PSD1705\folder\09-ThickPhp\Application\Runtime\Cache\Home\2efc7d58d3f4ce96c230ce50b6f3e362.php 第 56 行.
INFO: Run Behavior\ParseTemplateBehavior [ RunTime:0.009000s ]
INFO: [ view_parse ] --END-- [ RunTime:0.009000s ]
INFO: [ view_filter ] --START--
INFO: Run Behavior\WriteHtmlCacheBehavior [ RunTime:0.001000s ]
INFO: [ view_filter ] --END-- [ RunTime:0.001000s ]
INFO: [ app_end ] --START--
INFO: Run Behavior\ShowPageTraceBehavior [ RunTime:0.001000s ]
INFO: [ app_end ] --END-- [ RunTime:0.001000s ]

[ 2017-08-22T20:55:42+08:00 ] ::1 /PSD1705/folder/09-ThickPhp/index.php/Home/News/listern
INFO: [ app_init ] --START--
INFO: Run Behavior\BuildLiteBehavior [ RunTime:0.000000s ]
INFO: [ app_init ] --END-- [ RunTime:0.001000s ]
INFO: [ app_begin ] --START--
INFO: Run Behavior\ReadHtmlCacheBehavior [ RunTime:0.001000s ]
INFO: [ app_begin ] --END-- [ RunTime:0.001000s ]
INFO: [ view_parse ] --START--
INFO: [ template_filter ] --START--
INFO: Run Behavior\ContentReplaceBehavior [ RunTime:0.000000s ]
INFO: [ template_filter ] --END-- [ RunTime:0.000000s ]
NOTIC: [8] Undefined variable: a D:\WWW\PSD1705\folder\09-ThickPhp\Application\Runtime\Cache\Home\2efc7d58d3f4ce96c230ce50b6f3e362.php 第 47 行.
NOTIC: [8] Undefined variable: arr D:\WWW\PSD1705\folder\09-ThickPhp\Application\Runtime\Cache\Home\2efc7d58d3f4ce96c230ce50b6f3e362.php 第 49 行.
NOTIC: [8] Undefined variable: pageStr D:\WWW\PSD1705\folder\09-ThickPhp\Application\Runtime\Cache\Home\2efc7d58d3f4ce96c230ce50b6f3e362.php 第 56 行.
INFO: Run Behavior\ParseTemplateBehavior [ RunTime:0.007000s ]
INFO: [ view_parse ] --END-- [ RunTime:0.007000s ]
INFO: [ view_filter ] --START--
INFO: Run Behavior\WriteHtmlCacheBehavior [ RunTime:0.001000s ]
INFO: [ view_filter ] --END-- [ RunTime:0.001000s ]
INFO: [ app_end ] --START--
INFO: Run Behavior\ShowPageTraceBehavior [ RunTime:0.000000s ]
INFO: [ app_end ] --END-- [ RunTime:0.000000s ]

[ 2017-08-22T20:56:21+08:00 ] ::1 /PSD1705/folder/09-ThickPhp/index.php/Home/News/listern
INFO: [ app_init ] --START--
INFO: Run Behavior\BuildLiteBehavior [ RunTime:0.000000s ]
INFO: [ app_init ] --END-- [ RunTime:0.000000s ]
INFO: [ app_begin ] --START--
INFO: Run Behavior\ReadHtmlCacheBehavior [ RunTime:0.001000s ]
INFO: [ app_begin ] --END-- [ RunTime:0.001000s ]
INFO: [ view_parse ] --START--
INFO: [ template_filter ] --START--
INFO: Run Behavior\ContentReplaceBehavior [ RunTime:0.000000s ]
INFO: [ template_filter ] --END-- [ RunTime:0.000000s ]
NOTIC: [8] Undefined variable: a D:\WWW\PSD1705\folder\09-ThickPhp\Application\Runtime\Cache\Home\2efc7d58d3f4ce96c230ce50b6f3e362.php 第 47 行.
NOTIC: [8] Undefined variable: arr D:\WWW\PSD1705\folder\09-ThickPhp\Application\Runtime\Cache\Home\2efc7d58d3f4ce96c230ce50b6f3e362.php 第 49 行.
NOTIC: [8] Undefined variable: pageStr D:\WWW\PSD1705\folder\09-ThickPhp\Application\Runtime\Cache\Home\2efc7d58d3f4ce96c230ce50b6f3e362.php 第 56 行.
INFO: Run Behavior\ParseTemplateBehavior [ RunTime:0.007000s ]
INFO: [ view_parse ] --END-- [ RunTime:0.007000s ]
INFO: [ view_filter ] --START--
INFO: Run Behavior\WriteHtmlCacheBehavior [ RunTime:0.001000s ]
INFO: [ view_filter ] --END-- [ RunTime:0.001000s ]
INFO: [ app_end ] --START--
INFO: Run Behavior\ShowPageTraceBehavior [ RunTime:0.000000s ]
INFO: [ app_end ] --END-- [ RunTime:0.000000s ]

[ 2017-08-22T20:56:22+08:00 ] ::1 /PSD1705/folder/09-ThickPhp/index.php/Home/News/listern
INFO: [ app_init ] --START--
INFO: Run Behavior\BuildLiteBehavior [ RunTime:0.000000s ]
INFO: [ app_init ] --END-- [ RunTime:0.001000s ]
INFO: [ app_begin ] --START--
INFO: Run Behavior\ReadHtmlCacheBehavior [ RunTime:0.001000s ]
INFO: [ app_begin ] --END-- [ RunTime:0.001000s ]
INFO: [ view_parse ] --START--
INFO: [ template_filter ] --START--
INFO: Run Behavior\ContentReplaceBehavior [ RunTime:0.000000s ]
INFO: [ template_filter ] --END-- [ RunTime:0.000000s ]
NOTIC: [8] Undefined variable: a D:\WWW\PSD1705\folder\09-ThickPhp\Application\Runtime\Cache\Home\2efc7d58d3f4ce96c230ce50b6f3e362.php 第 47 行.
NOTIC: [8] Undefined variable: arr D:\WWW\PSD1705\folder\09-ThickPhp\Application\Runtime\Cache\Home\2efc7d58d3f4ce96c230ce50b6f3e362.php 第 49 行.
NOTIC: [8] Undefined variable: pageStr D:\WWW\PSD1705\folder\09-ThickPhp\Application\Runtime\Cache\Home\2efc7d58d3f4ce96c230ce50b6f3e362.php 第 56 行.
INFO: Run Behavior\ParseTemplateBehavior [ RunTime:0.007000s ]
INFO: [ view_parse ] --END-- [ RunTime:0.007000s ]
INFO: [ view_filter ] --START--
INFO: Run Behavior\WriteHtmlCacheBehavior [ RunTime:0.000000s ]
INFO: [ view_filter ] --END-- [ RunTime:0.000000s ]
INFO: [ app_end ] --START--
INFO: Run Behavior\ShowPageTraceBehavior [ RunTime:0.000000s ]
INFO: [ app_end ] --END-- [ RunTime:0.000000s ]

[ 2017-08-22T20:56:22+08:00 ] ::1 /PSD1705/folder/09-ThickPhp/index.php/Home/News/listern
INFO: [ app_init ] --START--
INFO: Run Behavior\BuildLiteBehavior [ RunTime:0.000000s ]
INFO: [ app_init ] --END-- [ RunTime:0.001000s ]
INFO: [ app_begin ] --START--
INFO: Run Behavior\ReadHtmlCacheBehavior [ RunTime:0.001000s ]
INFO: [ app_begin ] --END-- [ RunTime:0.001000s ]
INFO: [ view_parse ] --START--
INFO: [ template_filter ] --START--
INFO: Run Behavior\ContentReplaceBehavior [ RunTime:0.000000s ]
INFO: [ template_filter ] --END-- [ RunTime:0.000000s ]
NOTIC: [8] Undefined variable: a D:\WWW\PSD1705\folder\09-ThickPhp\Application\Runtime\Cache\Home\2efc7d58d3f4ce96c230ce50b6f3e362.php 第 47 行.
NOTIC: [8] Undefined variable: arr D:\WWW\PSD1705\folder\09-ThickPhp\Application\Runtime\Cache\Home\2efc7d58d3f4ce96c230ce50b6f3e362.php 第 49 行.
NOTIC: [8] Undefined variable: pageStr D:\WWW\PSD1705\folder\09-ThickPhp\Application\Runtime\Cache\Home\2efc7d58d3f4ce96c230ce50b6f3e362.php 第 56 行.
INFO: Run Behavior\ParseTemplateBehavior [ RunTime:0.009000s ]
INFO: [ view_parse ] --END-- [ RunTime:0.009000s ]
INFO: [ view_filter ] --START--
INFO: Run Behavior\WriteHtmlCacheBehavior [ RunTime:0.001000s ]
INFO: [ view_filter ] --END-- [ RunTime:0.001000s ]
INFO: [ app_end ] --START--
INFO: Run Behavior\ShowPageTraceBehavior [ RunTime:0.001000s ]
INFO: [ app_end ] --END-- [ RunTime:0.001000s ]

[ 2017-08-22T20:56:23+08:00 ] ::1 /PSD1705/folder/09-ThickPhp/index.php/Home/News/listern
INFO: [ app_init ] --START--
INFO: Run Behavior\BuildLiteBehavior [ RunTime:0.000000s ]
INFO: [ app_init ] --END-- [ RunTime:0.000000s ]
INFO: [ app_begin ] --START--
INFO: Run Behavior\ReadHtmlCacheBehavior [ RunTime:0.001000s ]
INFO: [ app_begin ] --END-- [ RunTime:0.001000s ]
INFO: [ view_parse ] --START--
INFO: [ template_filter ] --START--
INFO: Run Behavior\ContentReplaceBehavior [ RunTime:0.000000s ]
INFO: [ template_filter ] --END-- [ RunTime:0.000000s ]
NOTIC: [8] Undefined variable: a D:\WWW\PSD1705\folder\09-ThickPhp\Application\Runtime\Cache\Home\2efc7d58d3f4ce96c230ce50b6f3e362.php 第 47 行.
NOTIC: [8] Undefined variable: arr D:\WWW\PSD1705\folder\09-ThickPhp\Application\Runtime\Cache\Home\2efc7d58d3f4ce96c230ce50b6f3e362.php 第 49 行.
NOTIC: [8] Undefined variable: pageStr D:\WWW\PSD1705\folder\09-ThickPhp\Application\Runtime\Cache\Home\2efc7d58d3f4ce96c230ce50b6f3e362.php 第 56 行.
INFO: Run Behavior\ParseTemplateBehavior [ RunTime:0.008000s ]
INFO: [ view_parse ] --END-- [ RunTime:0.008000s ]
INFO: [ view_filter ] --START--
INFO: Run Behavior\WriteHtmlCacheBehavior [ RunTime:0.001000s ]
INFO: [ view_filter ] --END-- [ RunTime:0.001000s ]
INFO: [ app_end ] --START--
INFO: Run Behavior\ShowPageTraceBehavior [ RunTime:0.000000s ]
INFO: [ app_end ] --END-- [ RunTime:0.000000s ]

[ 2017-08-22T20:56:35+08:00 ] ::1 /PSD1705/folder/09-ThickPhp/index.php/Home/News/lister
INFO: [ app_init ] --START--
INFO: Run Behavior\BuildLiteBehavior [ RunTime:0.000000s ]
INFO: [ app_init ] --END-- [ RunTime:0.001000s ]
INFO: [ app_begin ] --START--
INFO: Run Behavior\ReadHtmlCacheBehavior [ RunTime:0.001000s ]
INFO: [ app_begin ] --END-- [ RunTime:0.001000s ]
SQL: SHOW COLUMNS FROM `news` [ RunTime:0.0100s ]
SQL: SELECT COUNT(*) AS tp_count FROM news n LIMIT 1   [ RunTime:0.0010s ]
SQL: SELECT n.id,n.title,t.tname FROM news n INNER JOIN ntype t on n.type=t.id  ORDER BY id desc LIMIT 0,5   [ RunTime:0.0010s ]
INFO: [ view_parse ] --START--
INFO: [ template_filter ] --START--
INFO: Run Behavior\ContentReplaceBehavior [ RunTime:0.001000s ]
INFO: [ template_filter ] --END-- [ RunTime:0.001000s ]
NOTIC: [8] Undefined variable: a D:\WWW\PSD1705\folder\09-ThickPhp\Application\Runtime\Cache\Home\2efc7d58d3f4ce96c230ce50b6f3e362.php 第 47 行.
NOTIC: [8] Undefined index: addtime D:\WWW\PSD1705\folder\09-ThickPhp\Application\Runtime\Cache\Home\2efc7d58d3f4ce96c230ce50b6f3e362.php 第 53 行.
NOTIC: [8] Undefined index: addtime D:\WWW\PSD1705\folder\09-ThickPhp\Application\Runtime\Cache\Home\2efc7d58d3f4ce96c230ce50b6f3e362.php 第 53 行.
NOTIC: [8] Undefined index: addtime D:\WWW\PSD1705\folder\09-ThickPhp\Application\Runtime\Cache\Home\2efc7d58d3f4ce96c230ce50b6f3e362.php 第 53 行.
NOTIC: [8] Undefined index: addtime D:\WWW\PSD1705\folder\09-ThickPhp\Application\Runtime\Cache\Home\2efc7d58d3f4ce96c230ce50b6f3e362.php 第 53 行.
NOTIC: [8] Undefined index: addtime D:\WWW\PSD1705\folder\09-ThickPhp\Application\Runtime\Cache\Home\2efc7d58d3f4ce96c230ce50b6f3e362.php 第 53 行.
INFO: Run Behavior\ParseTemplateBehavior [ RunTime:0.018000s ]
INFO: [ view_parse ] --END-- [ RunTime:0.018000s ]
INFO: [ view_filter ] --START--
INFO: Run Behavior\WriteHtmlCacheBehavior [ RunTime:0.001000s ]
INFO: [ view_filter ] --END-- [ RunTime:0.001000s ]
INFO: [ app_end ] --START--
INFO: Run Behavior\ShowPageTraceBehavior [ RunTime:0.001000s ]
INFO: [ app_end ] --END-- [ RunTime:0.001000s ]

[ 2017-08-22T20:56:53+08:00 ] ::1 /PSD1705/folder/09-ThickPhp/index.php/Home/News/lister
INFO: [ app_init ] --START--
INFO: Run Behavior\BuildLiteBehavior [ RunTime:0.000000s ]
INFO: [ app_init ] --END-- [ RunTime:0.000000s ]
INFO: [ app_begin ] --START--
INFO: Run Behavior\ReadHtmlCacheBehavior [ RunTime:0.001000s ]
INFO: [ app_begin ] --END-- [ RunTime:0.001000s ]
SQL: SHOW COLUMNS FROM `news` [ RunTime:0.0560s ]
SQL: SELECT COUNT(*) AS tp_count FROM news n LIMIT 1   [ RunTime:0.0000s ]
SQL: SELECT n.id,n.title,t.tname FROM news n INNER JOIN ntype t on n.type=t.id  ORDER BY id desc LIMIT 0,5   [ RunTime:0.0010s ]
INFO: [ view_parse ] --START--
INFO: [ template_filter ] --START--
INFO: Run Behavior\ContentReplaceBehavior [ RunTime:0.000000s ]
INFO: [ template_filter ] --END-- [ RunTime:0.000000s ]
NOTIC: [8] Undefined variable: a D:\WWW\PSD1705\folder\09-ThickPhp\Application\Runtime\Cache\Home\2efc7d58d3f4ce96c230ce50b6f3e362.php 第 47 行.
NOTIC: [8] Undefined index: addtime D:\WWW\PSD1705\folder\09-ThickPhp\Application\Runtime\Cache\Home\2efc7d58d3f4ce96c230ce50b6f3e362.php 第 53 行.
NOTIC: [8] Undefined index: addtime D:\WWW\PSD1705\folder\09-ThickPhp\Application\Runtime\Cache\Home\2efc7d58d3f4ce96c230ce50b6f3e362.php 第 53 行.
NOTIC: [8] Undefined index: addtime D:\WWW\PSD1705\folder\09-ThickPhp\Application\Runtime\Cache\Home\2efc7d58d3f4ce96c230ce50b6f3e362.php 第 53 行.
NOTIC: [8] Undefined index: addtime D:\WWW\PSD1705\folder\09-ThickPhp\Application\Runtime\Cache\Home\2efc7d58d3f4ce96c230ce50b6f3e362.php 第 53 行.
NOTIC: [8] Undefined index: addtime D:\WWW\PSD1705\folder\09-ThickPhp\Application\Runtime\Cache\Home\2efc7d58d3f4ce96c230ce50b6f3e362.php 第 53 行.
INFO: Run Behavior\ParseTemplateBehavior [ RunTime:0.013000s ]
INFO: [ view_parse ] --END-- [ RunTime:0.014000s ]
INFO: [ view_filter ] --START--
INFO: Run Behavior\WriteHtmlCacheBehavior [ RunTime:0.001000s ]
INFO: [ view_filter ] --END-- [ RunTime:0.001000s ]
INFO: [ app_end ] --START--
INFO: Run Behavior\ShowPageTraceBehavior [ RunTime:0.001000s ]
INFO: [ app_end ] --END-- [ RunTime:0.001000s ]

[ 2017-08-22T20:56:56+08:00 ] ::1 /PSD1705/folder/09-ThickPhp/index.php/Home/News/lister
INFO: [ app_init ] --START--
INFO: Run Behavior\BuildLiteBehavior [ RunTime:0.000000s ]
INFO: [ app_init ] --END-- [ RunTime:0.001000s ]
INFO: [ app_begin ] --START--
INFO: Run Behavior\ReadHtmlCacheBehavior [ RunTime:0.001000s ]
INFO: [ app_begin ] --END-- [ RunTime:0.002000s ]
SQL: SHOW COLUMNS FROM `news` [ RunTime:0.0060s ]
SQL: SELECT COUNT(*) AS tp_count FROM news n LIMIT 1   [ RunTime:0.0010s ]
SQL: SELECT n.id,n.title,t.tname FROM news n INNER JOIN ntype t on n.type=t.id  ORDER BY id desc LIMIT 0,5   [ RunTime:0.0010s ]
INFO: [ view_parse ] --START--
INFO: [ template_filter ] --START--
INFO: Run Behavior\ContentReplaceBehavior [ RunTime:0.000000s ]
INFO: [ template_filter ] --END-- [ RunTime:0.000000s ]
NOTIC: [8] Undefined variable: a D:\WWW\PSD1705\folder\09-ThickPhp\Application\Runtime\Cache\Home\2efc7d58d3f4ce96c230ce50b6f3e362.php 第 47 行.
NOTIC: [8] Undefined index: addtime D:\WWW\PSD1705\folder\09-ThickPhp\Application\Runtime\Cache\Home\2efc7d58d3f4ce96c230ce50b6f3e362.php 第 53 行.
NOTIC: [8] Undefined index: addtime D:\WWW\PSD1705\folder\09-ThickPhp\Application\Runtime\Cache\Home\2efc7d58d3f4ce96c230ce50b6f3e362.php 第 53 行.
NOTIC: [8] Undefined index: addtime D:\WWW\PSD1705\folder\09-ThickPhp\Application\Runtime\Cache\Home\2efc7d58d3f4ce96c230ce50b6f3e362.php 第 53 行.
NOTIC: [8] Undefined index: addtime D:\WWW\PSD1705\folder\09-ThickPhp\Application\Runtime\Cache\Home\2efc7d58d3f4ce96c230ce50b6f3e362.php 第 53 行.
NOTIC: [8] Undefined index: addtime D:\WWW\PSD1705\folder\09-ThickPhp\Application\Runtime\Cache\Home\2efc7d58d3f4ce96c230ce50b6f3e362.php 第 53 行.
INFO: Run Behavior\ParseTemplateBehavior [ RunTime:0.013000s ]
INFO: [ view_parse ] --END-- [ RunTime:0.013000s ]
INFO: [ view_filter ] --START--
INFO: Run Behavior\WriteHtmlCacheBehavior [ RunTime:0.001000s ]
INFO: [ view_filter ] --END-- [ RunTime:0.001000s ]
INFO: [ app_end ] --START--
INFO: Run Behavior\ShowPageTraceBehavior [ RunTime:0.001000s ]
INFO: [ app_end ] --END-- [ RunTime:0.001000s ]

[ 2017-08-22T20:56:59+08:00 ] ::1 /PSD1705/folder/09-ThickPhp/index.php/Home/News/lister/p/2.html
INFO: [ app_init ] --START--
INFO: Run Behavior\BuildLiteBehavior [ RunTime:0.000000s ]
INFO: [ app_init ] --END-- [ RunTime:0.001000s ]
INFO: [ app_begin ] --START--
INFO: Run Behavior\ReadHtmlCacheBehavior [ RunTime:0.001000s ]
INFO: [ app_begin ] --END-- [ RunTime:0.001000s ]
SQL: SHOW COLUMNS FROM `news` [ RunTime:0.0040s ]
SQL: SELECT COUNT(*) AS tp_count FROM news n LIMIT 1   [ RunTime:0.0000s ]
SQL: SELECT n.id,n.title,t.tname FROM news n INNER JOIN ntype t on n.type=t.id  ORDER BY id desc LIMIT 5,5   [ RunTime:0.0000s ]
INFO: [ view_parse ] --START--
INFO: [ template_filter ] --START--
INFO: Run Behavior\ContentReplaceBehavior [ RunTime:0.000000s ]
INFO: [ template_filter ] --END-- [ RunTime:0.000000s ]
NOTIC: [8] Undefined variable: a D:\WWW\PSD1705\folder\09-ThickPhp\Application\Runtime\Cache\Home\2efc7d58d3f4ce96c230ce50b6f3e362.php 第 47 行.
NOTIC: [8] Undefined index: addtime D:\WWW\PSD1705\folder\09-ThickPhp\Application\Runtime\Cache\Home\2efc7d58d3f4ce96c230ce50b6f3e362.php 第 53 行.
NOTIC: [8] Undefined index: addtime D:\WWW\PSD1705\folder\09-ThickPhp\Application\Runtime\Cache\Home\2efc7d58d3f4ce96c230ce50b6f3e362.php 第 53 行.
NOTIC: [8] Undefined index: addtime D:\WWW\PSD1705\folder\09-ThickPhp\Application\Runtime\Cache\Home\2efc7d58d3f4ce96c230ce50b6f3e362.php 第 53 行.
NOTIC: [8] Undefined index: addtime D:\WWW\PSD1705\folder\09-ThickPhp\Application\Runtime\Cache\Home\2efc7d58d3f4ce96c230ce50b6f3e362.php 第 53 行.
NOTIC: [8] Undefined index: addtime D:\WWW\PSD1705\folder\09-ThickPhp\Application\Runtime\Cache\Home\2efc7d58d3f4ce96c230ce50b6f3e362.php 第 53 行.
INFO: Run Behavior\ParseTemplateBehavior [ RunTime:0.007000s ]
INFO: [ view_parse ] --END-- [ RunTime:0.007000s ]
INFO: [ view_filter ] --START--
INFO: Run Behavior\WriteHtmlCacheBehavior [ RunTime:0.000000s ]
INFO: [ view_filter ] --END-- [ RunTime:0.000000s ]
INFO: [ app_end ] --START--
INFO: Run Behavior\ShowPageTraceBehavior [ RunTime:0.000000s ]
INFO: [ app_end ] --END-- [ RunTime:0.000000s ]

[ 2017-08-22T20:57:01+08:00 ] ::1 /PSD1705/folder/09-ThickPhp/index.php/Home/News/lister/p/3.html
INFO: [ app_init ] --START--
INFO: Run Behavior\BuildLiteBehavior [ RunTime:0.000000s ]
INFO: [ app_init ] --END-- [ RunTime:0.001000s ]
INFO: [ app_begin ] --START--
INFO: Run Behavior\ReadHtmlCacheBehavior [ RunTime:0.001000s ]
INFO: [ app_begin ] --END-- [ RunTime:0.001000s ]
SQL: SHOW COLUMNS FROM `news` [ RunTime:0.0100s ]
SQL: SELECT COUNT(*) AS tp_count FROM news n LIMIT 1   [ RunTime:0.0010s ]
SQL: SELECT n.id,n.title,t.tname FROM news n INNER JOIN ntype t on n.type=t.id  ORDER BY id desc LIMIT 10,5   [ RunTime:0.0010s ]
INFO: [ view_parse ] --START--
INFO: [ template_filter ] --START--
INFO: Run Behavior\ContentReplaceBehavior [ RunTime:0.000000s ]
INFO: [ template_filter ] --END-- [ RunTime:0.000000s ]
NOTIC: [8] Undefined variable: a D:\WWW\PSD1705\folder\09-ThickPhp\Application\Runtime\Cache\Home\2efc7d58d3f4ce96c230ce50b6f3e362.php 第 47 行.
NOTIC: [8] Undefined index: addtime D:\WWW\PSD1705\folder\09-ThickPhp\Application\Runtime\Cache\Home\2efc7d58d3f4ce96c230ce50b6f3e362.php 第 53 行.
NOTIC: [8] Undefined index: addtime D:\WWW\PSD1705\folder\09-ThickPhp\Application\Runtime\Cache\Home\2efc7d58d3f4ce96c230ce50b6f3e362.php 第 53 行.
NOTIC: [8] Undefined index: addtime D:\WWW\PSD1705\folder\09-ThickPhp\Application\Runtime\Cache\Home\2efc7d58d3f4ce96c230ce50b6f3e362.php 第 53 行.
NOTIC: [8] Undefined index: addtime D:\WWW\PSD1705\folder\09-ThickPhp\Application\Runtime\Cache\Home\2efc7d58d3f4ce96c230ce50b6f3e362.php 第 53 行.
NOTIC: [8] Undefined index: addtime D:\WWW\PSD1705\folder\09-ThickPhp\Application\Runtime\Cache\Home\2efc7d58d3f4ce96c230ce50b6f3e362.php 第 53 行.
INFO: Run Behavior\ParseTemplateBehavior [ RunTime:0.017000s ]
INFO: [ view_parse ] --END-- [ RunTime:0.017000s ]
INFO: [ view_filter ] --START--
INFO: Run Behavior\WriteHtmlCacheBehavior [ RunTime:0.000000s ]
INFO: [ view_filter ] --END-- [ RunTime:0.000000s ]
INFO: [ app_end ] --START--
INFO: Run Behavior\ShowPageTraceBehavior [ RunTime:0.001000s ]
INFO: [ app_end ] --END-- [ RunTime:0.001000s ]

[ 2017-08-22T20:57:04+08:00 ] ::1 /PSD1705/folder/09-ThickPhp/index.php/Home/News/tongji
INFO: [ app_init ] --START--
INFO: Run Behavior\BuildLiteBehavior [ RunTime:0.000000s ]
INFO: [ app_init ] --END-- [ RunTime:0.001000s ]
INFO: [ app_begin ] --START--
INFO: Run Behavior\ReadHtmlCacheBehavior [ RunTime:0.001000s ]
INFO: [ app_begin ] --END-- [ RunTime:0.001000s ]
SQL: SHOW COLUMNS FROM `news` [ RunTime:0.0060s ]
SQL: SELECT n.type,count(*) as num,t.tname FROM news n INNER JOIN ntype as t on n.type=t.id  GROUP BY n.type HAVING num>=8  [ RunTime:0.0010s ]
INFO: [ view_parse ] --START--
INFO: [ template_filter ] --START--
INFO: Run Behavior\ContentReplaceBehavior [ RunTime:0.000000s ]
INFO: [ template_filter ] --END-- [ RunTime:0.000000s ]
INFO: Run Behavior\ParseTemplateBehavior [ RunTime:0.013000s ]
INFO: [ view_parse ] --END-- [ RunTime:0.013000s ]
INFO: [ view_filter ] --START--
INFO: Run Behavior\WriteHtmlCacheBehavior [ RunTime:0.001000s ]
INFO: [ view_filter ] --END-- [ RunTime:0.001000s ]
INFO: [ app_end ] --START--
INFO: Run Behavior\ShowPageTraceBehavior [ RunTime:0.001000s ]
INFO: [ app_end ] --END-- [ RunTime:0.001000s ]

[ 2017-08-22T20:57:07+08:00 ] ::1 /PSD1705/folder/09-ThickPhp/index.php/Home/User/register
INFO: [ app_init ] --START--
INFO: Run Behavior\BuildLiteBehavior [ RunTime:0.000000s ]
INFO: [ app_init ] --END-- [ RunTime:0.001000s ]
INFO: [ app_begin ] --START--
INFO: Run Behavior\ReadHtmlCacheBehavior [ RunTime:0.001000s ]
INFO: [ app_begin ] --END-- [ RunTime:0.001000s ]
INFO: [ view_parse ] --START--
INFO: [ template_filter ] --START--
INFO: Run Behavior\ContentReplaceBehavior [ RunTime:0.000000s ]
INFO: [ template_filter ] --END-- [ RunTime:0.000000s ]
NOTIC: [8] Undefined variable: arr D:\WWW\PSD1705\folder\09-ThickPhp\Application\Runtime\Cache\Home\3e914de466a79aa6859659783ae7a7a1.php 第 33 行.
NOTIC: [8] Undefined variable: message D:\WWW\PSD1705\folder\09-ThickPhp\Application\Runtime\Cache\Home\3e914de466a79aa6859659783ae7a7a1.php 第 34 行.
NOTIC: [8] Undefined variable: arr D:\WWW\PSD1705\folder\09-ThickPhp\Application\Runtime\Cache\Home\3e914de466a79aa6859659783ae7a7a1.php 第 38 行.
NOTIC: [8] Undefined variable: message D:\WWW\PSD1705\folder\09-ThickPhp\Application\Runtime\Cache\Home\3e914de466a79aa6859659783ae7a7a1.php 第 39 行.
NOTIC: [8] Undefined variable: arr D:\WWW\PSD1705\folder\09-ThickPhp\Application\Runtime\Cache\Home\3e914de466a79aa6859659783ae7a7a1.php 第 43 行.
NOTIC: [8] Undefined variable: message D:\WWW\PSD1705\folder\09-ThickPhp\Application\Runtime\Cache\Home\3e914de466a79aa6859659783ae7a7a1.php 第 44 行.
NOTIC: [8] Undefined variable: arr D:\WWW\PSD1705\folder\09-ThickPhp\Application\Runtime\Cache\Home\3e914de466a79aa6859659783ae7a7a1.php 第 48 行.
NOTIC: [8] Undefined variable: message D:\WWW\PSD1705\folder\09-ThickPhp\Application\Runtime\Cache\Home\3e914de466a79aa6859659783ae7a7a1.php 第 49 行.
NOTIC: [8] Undefined variable: arr D:\WWW\PSD1705\folder\09-ThickPhp\Application\Runtime\Cache\Home\3e914de466a79aa6859659783ae7a7a1.php 第 53 行.
NOTIC: [8] Undefined variable: message D:\WWW\PSD1705\folder\09-ThickPhp\Application\Runtime\Cache\Home\3e914de466a79aa6859659783ae7a7a1.php 第 54 行.
NOTIC: [8] Undefined variable: arr D:\WWW\PSD1705\folder\09-ThickPhp\Application\Runtime\Cache\Home\3e914de466a79aa6859659783ae7a7a1.php 第 58 行.
NOTIC: [8] Undefined variable: message D:\WWW\PSD1705\folder\09-ThickPhp\Application\Runtime\Cache\Home\3e914de466a79aa6859659783ae7a7a1.php 第 59 行.
NOTIC: [8] Undefined variable: arr D:\WWW\PSD1705\folder\09-ThickPhp\Application\Runtime\Cache\Home\3e914de466a79aa6859659783ae7a7a1.php 第 68 行.
NOTIC: [8] Undefined variable: message D:\WWW\PSD1705\folder\09-ThickPhp\Application\Runtime\Cache\Home\3e914de466a79aa6859659783ae7a7a1.php 第 69 行.
INFO: Run Behavior\ParseTemplateBehavior [ RunTime:0.008000s ]
INFO: [ view_parse ] --END-- [ RunTime:0.008000s ]
INFO: [ view_filter ] --START--
INFO: Run Behavior\WriteHtmlCacheBehavior [ RunTime:0.001000s ]
INFO: [ view_filter ] --END-- [ RunTime:0.001000s ]
INFO: [ app_end ] --START--
INFO: Run Behavior\ShowPageTraceBehavior [ RunTime:0.000000s ]
INFO: [ app_end ] --END-- [ RunTime:0.000000s ]

[ 2017-08-22T20:57:09+08:00 ] ::1 /PSD1705/folder/09-ThickPhp/index.php/Home/News/tongji
INFO: [ app_init ] --START--
INFO: Run Behavior\BuildLiteBehavior [ RunTime:0.000000s ]
INFO: [ app_init ] --END-- [ RunTime:0.001000s ]
INFO: [ app_begin ] --START--
INFO: Run Behavior\ReadHtmlCacheBehavior [ RunTime:0.001000s ]
INFO: [ app_begin ] --END-- [ RunTime:0.001000s ]
SQL: SHOW COLUMNS FROM `news` [ RunTime:0.0060s ]
SQL: SELECT n.type,count(*) as num,t.tname FROM news n INNER JOIN ntype as t on n.type=t.id  GROUP BY n.type HAVING num>=8  [ RunTime:0.0010s ]
INFO: [ view_parse ] --START--
INFO: [ template_filter ] --START--
INFO: Run Behavior\ContentReplaceBehavior [ RunTime:0.000000s ]
INFO: [ template_filter ] --END-- [ RunTime:0.001000s ]
INFO: Run Behavior\ParseTemplateBehavior [ RunTime:0.014000s ]
INFO: [ view_parse ] --END-- [ RunTime:0.015000s ]
INFO: [ view_filter ] --START--
INFO: Run Behavior\WriteHtmlCacheBehavior [ RunTime:0.000000s ]
INFO: [ view_filter ] --END-- [ RunTime:0.000000s ]
INFO: [ app_end ] --START--
INFO: Run Behavior\ShowPageTraceBehavior [ RunTime:0.001000s ]
INFO: [ app_end ] --END-- [ RunTime:0.002000s ]

[ 2017-08-22T20:59:51+08:00 ] ::1 /PSD1705/folder/09-ThickPhp/index.php/Home/News/tongji
INFO: [ app_init ] --START--
INFO: Run Behavior\BuildLiteBehavior [ RunTime:0.000000s ]
INFO: [ app_init ] --END-- [ RunTime:0.001000s ]
INFO: [ app_begin ] --START--
INFO: Run Behavior\ReadHtmlCacheBehavior [ RunTime:0.001000s ]
INFO: [ app_begin ] --END-- [ RunTime:0.001000s ]
SQL: SHOW COLUMNS FROM `news` [ RunTime:0.0090s ]
SQL: SELECT n.type,count(*) as num,t.tname FROM news n INNER JOIN ntype as t on n.type=t.id  GROUP BY n.type HAVING num>=8  [ RunTime:0.0010s ]
INFO: [ view_parse ] --START--
INFO: [ template_filter ] --START--
INFO: Run Behavior\ContentReplaceBehavior [ RunTime:0.000000s ]
INFO: [ template_filter ] --END-- [ RunTime:0.000000s ]
INFO: Run Behavior\ParseTemplateBehavior [ RunTime:0.015000s ]
INFO: [ view_parse ] --END-- [ RunTime:0.015000s ]
INFO: [ view_filter ] --START--
INFO: Run Behavior\WriteHtmlCacheBehavior [ RunTime:0.000000s ]
INFO: [ view_filter ] --END-- [ RunTime:0.000000s ]
INFO: [ app_end ] --START--
INFO: Run Behavior\ShowPageTraceBehavior [ RunTime:0.001000s ]
INFO: [ app_end ] --END-- [ RunTime:0.001000s ]

[ 2017-08-22T20:59:53+08:00 ] ::1 /PSD1705/folder/09-ThickPhp/index.php/Home/News/tongji
INFO: [ app_init ] --START--
INFO: Run Behavior\BuildLiteBehavior [ RunTime:0.000000s ]
INFO: [ app_init ] --END-- [ RunTime:0.000000s ]
INFO: [ app_begin ] --START--
INFO: Run Behavior\ReadHtmlCacheBehavior [ RunTime:0.001000s ]
INFO: [ app_begin ] --END-- [ RunTime:0.001000s ]
SQL: SHOW COLUMNS FROM `news` [ RunTime:0.0110s ]
SQL: SELECT n.type,count(*) as num,t.tname FROM news n INNER JOIN ntype as t on n.type=t.id  GROUP BY n.type HAVING num>=8  [ RunTime:0.0010s ]
INFO: [ view_parse ] --START--
INFO: [ template_filter ] --START--
INFO: Run Behavior\ContentReplaceBehavior [ RunTime:0.000000s ]
INFO: [ template_filter ] --END-- [ RunTime:0.000000s ]
INFO: Run Behavior\ParseTemplateBehavior [ RunTime:0.016000s ]
INFO: [ view_parse ] --END-- [ RunTime:0.016000s ]
INFO: [ view_filter ] --START--
INFO: Run Behavior\WriteHtmlCacheBehavior [ RunTime:0.000000s ]
INFO: [ view_filter ] --END-- [ RunTime:0.001000s ]
INFO: [ app_end ] --START--
INFO: Run Behavior\ShowPageTraceBehavior [ RunTime:0.000000s ]
INFO: [ app_end ] --END-- [ RunTime:0.000000s ]

[ 2017-08-22T21:01:38+08:00 ] ::1 /PSD1705/folder/09-ThickPhp/index.php/Home/News/listern
INFO: [ app_init ] --START--
INFO: Run Behavior\BuildLiteBehavior [ RunTime:0.000000s ]
INFO: [ app_init ] --END-- [ RunTime:0.000000s ]
INFO: [ app_begin ] --START--
INFO: Run Behavior\ReadHtmlCacheBehavior [ RunTime:0.000000s ]
INFO: [ app_begin ] --END-- [ RunTime:0.000000s ]
SQL: SHOW COLUMNS FROM `news` [ RunTime:0.0110s ]

[ 2017-08-22T21:04:04+08:00 ] ::1 /PSD1705/folder/09-ThickPhp/index.php/Home/News/listern
INFO: [ app_init ] --START--
INFO: Run Behavior\BuildLiteBehavior [ RunTime:0.000000s ]
INFO: [ app_init ] --END-- [ RunTime:0.001000s ]
INFO: [ app_begin ] --START--
INFO: Run Behavior\ReadHtmlCacheBehavior [ RunTime:0.002000s ]
INFO: [ app_begin ] --END-- [ RunTime:0.002000s ]
SQL: SHOW COLUMNS FROM `news` [ RunTime:0.0120s ]

